<?xml version="1.0" encoding="UTF-8"?>
<robot generator="Robot 4.0.3 (Python 3.9.5 on win32)" generated="20210615 22:05:39.656" rpa="false" schemaversion="2">
<suite id="s1" name="If" source="C:\Projeto\Prime\Prime_experts_jun2021\IF\if.robot">
<test id="s1-t1" name="Teste de IFs">
<kw name="Imprimir apenas país Brasil">
<kw name="Log To Console" library="BuiltIn">
<arg>${\n}</arg>
<doc>Logs the given message to the console.</doc>
<status status="PASS" starttime="20210615 22:05:39.689" endtime="20210615 22:05:39.693"/>
</kw>
<for flavor="IN">
<var>${pais}</var>
<value>@{PAISES}</value>
<iter>
<var name="${pais}">Argentina</var>
<if>
<branch type="IF" condition="'${pais}' == 'Brasil'">
<kw name="Log To Console" library="BuiltIn">
<arg>Opa!! Deu Brasil!</arg>
<doc>Logs the given message to the console.</doc>
<status status="NOT RUN" starttime="20210615 22:05:39.694" endtime="20210615 22:05:39.694"/>
</kw>
<status status="NOT RUN" starttime="20210615 22:05:39.694" endtime="20210615 22:05:39.694"/>
</branch>
<branch type="ELSE">
<kw name="Log To Console" library="BuiltIn">
<arg>Ahhh! ${pais} não é Brasil!!</arg>
<doc>Logs the given message to the console.</doc>
<status status="PASS" starttime="20210615 22:05:39.694" endtime="20210615 22:05:39.696"/>
</kw>
<status status="PASS" starttime="20210615 22:05:39.694" endtime="20210615 22:05:39.696"/>
</branch>
<status status="PASS" starttime="20210615 22:05:39.693" endtime="20210615 22:05:39.696"/>
</if>
<status status="PASS" starttime="20210615 22:05:39.693" endtime="20210615 22:05:39.696"/>
</iter>
<iter>
<var name="${pais}">Chile</var>
<if>
<branch type="IF" condition="'${pais}' == 'Brasil'">
<kw name="Log To Console" library="BuiltIn">
<arg>Opa!! Deu Brasil!</arg>
<doc>Logs the given message to the console.</doc>
<status status="NOT RUN" starttime="20210615 22:05:39.697" endtime="20210615 22:05:39.698"/>
</kw>
<status status="NOT RUN" starttime="20210615 22:05:39.697" endtime="20210615 22:05:39.698"/>
</branch>
<branch type="ELSE">
<kw name="Log To Console" library="BuiltIn">
<arg>Ahhh! ${pais} não é Brasil!!</arg>
<doc>Logs the given message to the console.</doc>
<status status="PASS" starttime="20210615 22:05:39.698" endtime="20210615 22:05:39.699"/>
</kw>
<status status="PASS" starttime="20210615 22:05:39.698" endtime="20210615 22:05:39.699"/>
</branch>
<status status="PASS" starttime="20210615 22:05:39.697" endtime="20210615 22:05:39.699"/>
</if>
<status status="PASS" starttime="20210615 22:05:39.697" endtime="20210615 22:05:39.700"/>
</iter>
<iter>
<var name="${pais}">Brasil</var>
<if>
<branch type="IF" condition="'${pais}' == 'Brasil'">
<kw name="Log To Console" library="BuiltIn">
<arg>Opa!! Deu Brasil!</arg>
<doc>Logs the given message to the console.</doc>
<status status="PASS" starttime="20210615 22:05:39.700" endtime="20210615 22:05:39.701"/>
</kw>
<status status="PASS" starttime="20210615 22:05:39.700" endtime="20210615 22:05:39.701"/>
</branch>
<branch type="ELSE">
<kw name="Log To Console" library="BuiltIn">
<arg>Ahhh! ${pais} não é Brasil!!</arg>
<doc>Logs the given message to the console.</doc>
<status status="NOT RUN" starttime="20210615 22:05:39.701" endtime="20210615 22:05:39.701"/>
</kw>
<status status="NOT RUN" starttime="20210615 22:05:39.701" endtime="20210615 22:05:39.701"/>
</branch>
<status status="PASS" starttime="20210615 22:05:39.700" endtime="20210615 22:05:39.701"/>
</if>
<status status="PASS" starttime="20210615 22:05:39.700" endtime="20210615 22:05:39.701"/>
</iter>
<iter>
<var name="${pais}">Uruguai</var>
<if>
<branch type="IF" condition="'${pais}' == 'Brasil'">
<kw name="Log To Console" library="BuiltIn">
<arg>Opa!! Deu Brasil!</arg>
<doc>Logs the given message to the console.</doc>
<status status="NOT RUN" starttime="20210615 22:05:39.702" endtime="20210615 22:05:39.702"/>
</kw>
<status status="NOT RUN" starttime="20210615 22:05:39.702" endtime="20210615 22:05:39.702"/>
</branch>
<branch type="ELSE">
<kw name="Log To Console" library="BuiltIn">
<arg>Ahhh! ${pais} não é Brasil!!</arg>
<doc>Logs the given message to the console.</doc>
<status status="PASS" starttime="20210615 22:05:39.702" endtime="20210615 22:05:39.703"/>
</kw>
<status status="PASS" starttime="20210615 22:05:39.702" endtime="20210615 22:05:39.703"/>
</branch>
<status status="PASS" starttime="20210615 22:05:39.701" endtime="20210615 22:05:39.703"/>
</if>
<status status="PASS" starttime="20210615 22:05:39.701" endtime="20210615 22:05:39.703"/>
</iter>
<iter>
<var name="${pais}">Brasil</var>
<if>
<branch type="IF" condition="'${pais}' == 'Brasil'">
<kw name="Log To Console" library="BuiltIn">
<arg>Opa!! Deu Brasil!</arg>
<doc>Logs the given message to the console.</doc>
<status status="PASS" starttime="20210615 22:05:39.704" endtime="20210615 22:05:39.706"/>
</kw>
<status status="PASS" starttime="20210615 22:05:39.703" endtime="20210615 22:05:39.706"/>
</branch>
<branch type="ELSE">
<kw name="Log To Console" library="BuiltIn">
<arg>Ahhh! ${pais} não é Brasil!!</arg>
<doc>Logs the given message to the console.</doc>
<status status="NOT RUN" starttime="20210615 22:05:39.707" endtime="20210615 22:05:39.707"/>
</kw>
<status status="NOT RUN" starttime="20210615 22:05:39.706" endtime="20210615 22:05:39.707"/>
</branch>
<status status="PASS" starttime="20210615 22:05:39.703" endtime="20210615 22:05:39.707"/>
</if>
<status status="PASS" starttime="20210615 22:05:39.703" endtime="20210615 22:05:39.707"/>
</iter>
<iter>
<var name="${pais}">Chile</var>
<if>
<branch type="IF" condition="'${pais}' == 'Brasil'">
<kw name="Log To Console" library="BuiltIn">
<arg>Opa!! Deu Brasil!</arg>
<doc>Logs the given message to the console.</doc>
<status status="NOT RUN" starttime="20210615 22:05:39.707" endtime="20210615 22:05:39.707"/>
</kw>
<status status="NOT RUN" starttime="20210615 22:05:39.707" endtime="20210615 22:05:39.707"/>
</branch>
<branch type="ELSE">
<kw name="Log To Console" library="BuiltIn">
<arg>Ahhh! ${pais} não é Brasil!!</arg>
<doc>Logs the given message to the console.</doc>
<status status="PASS" starttime="20210615 22:05:39.707" endtime="20210615 22:05:39.708"/>
</kw>
<status status="PASS" starttime="20210615 22:05:39.707" endtime="20210615 22:05:39.709"/>
</branch>
<status status="PASS" starttime="20210615 22:05:39.707" endtime="20210615 22:05:39.709"/>
</if>
<status status="PASS" starttime="20210615 22:05:39.707" endtime="20210615 22:05:39.709"/>
</iter>
<iter>
<var name="${pais}">Brasil</var>
<if>
<branch type="IF" condition="'${pais}' == 'Brasil'">
<kw name="Log To Console" library="BuiltIn">
<arg>Opa!! Deu Brasil!</arg>
<doc>Logs the given message to the console.</doc>
<status status="PASS" starttime="20210615 22:05:39.709" endtime="20210615 22:05:39.710"/>
</kw>
<status status="PASS" starttime="20210615 22:05:39.709" endtime="20210615 22:05:39.710"/>
</branch>
<branch type="ELSE">
<kw name="Log To Console" library="BuiltIn">
<arg>Ahhh! ${pais} não é Brasil!!</arg>
<doc>Logs the given message to the console.</doc>
<status status="NOT RUN" starttime="20210615 22:05:39.711" endtime="20210615 22:05:39.711"/>
</kw>
<status status="NOT RUN" starttime="20210615 22:05:39.710" endtime="20210615 22:05:39.711"/>
</branch>
<status status="PASS" starttime="20210615 22:05:39.709" endtime="20210615 22:05:39.711"/>
</if>
<status status="PASS" starttime="20210615 22:05:39.709" endtime="20210615 22:05:39.711"/>
</iter>
<status status="PASS" starttime="20210615 22:05:39.693" endtime="20210615 22:05:39.711"/>
</for>
<status status="PASS" starttime="20210615 22:05:39.689" endtime="20210615 22:05:39.711"/>
</kw>
<status status="PASS" starttime="20210615 22:05:39.688" endtime="20210615 22:05:39.712"/>
</test>
<doc>Teste para IFs - Tomada de Decisões!</doc>
<status status="PASS" starttime="20210615 22:05:39.658" endtime="20210615 22:05:39.720"/>
</suite>
<statistics>
<total>
<stat pass="1" fail="0" skip="0">All Tests</stat>
</total>
<tag>
</tag>
<suite>
<stat pass="1" fail="0" skip="0" id="s1" name="If">If</stat>
</suite>
</statistics>
<errors>
</errors>
</robot>
