<?xml version="1.0" encoding="UTF-8"?>
<robot generator="Robot 4.0.3 (Python 3.9.5 on win32)" generated="20210615 22:06:01.902" rpa="false" schemaversion="2">
<suite id="s1" name="Setp Teardown" source="C:\Projeto\Prime\Prime_experts_jun2021\setp_teardown\setp_teardown.robot">
<kw name="KW para executar no Setup da Suite" type="SETUP">
<kw name="Log To Console" library="BuiltIn">
<arg>Essa Kw foi executada antes de começar a Suíte!</arg>
<doc>Logs the given message to the console.</doc>
<status status="PASS" starttime="20210615 22:06:01.946" endtime="20210615 22:06:01.947"/>
</kw>
<status status="PASS" starttime="20210615 22:06:01.933" endtime="20210615 22:06:01.947"/>
</kw>
<test id="s1-t1" name="Teste de somar dois números">
<kw name="KW para executar no Setup de cada Teste" type="SETUP">
<kw name="Log To Console" library="BuiltIn">
<arg>Essa Kw foi executada antes de começar esse Teste!</arg>
<doc>Logs the given message to the console.</doc>
<status status="PASS" starttime="20210615 22:06:01.949" endtime="20210615 22:06:01.951"/>
</kw>
<status status="PASS" starttime="20210615 22:06:01.948" endtime="20210615 22:06:01.952"/>
</kw>
<kw name="Somar dois números">
<var>${RESULTADO_SOMA}</var>
<arg>1</arg>
<arg>2</arg>
<kw name="Log To Console" library="BuiltIn">
<arg>${\n}Estou somando os números: ${NUM_A}+${NUM_B}</arg>
<doc>Logs the given message to the console.</doc>
<status status="PASS" starttime="20210615 22:06:01.953" endtime="20210615 22:06:01.954"/>
</kw>
<kw name="Evaluate" library="BuiltIn">
<var>${RESULTADO}</var>
<arg>${NUM_A}+${NUM_B}</arg>
<doc>Evaluates the given expression in Python and returns the result.</doc>
<msg timestamp="20210615 22:06:01.955" level="INFO">${RESULTADO} = 3</msg>
<status status="PASS" starttime="20210615 22:06:01.955" endtime="20210615 22:06:01.955"/>
</kw>
<kw name="Log To Console" library="BuiltIn">
<arg>O resultado é: ${RESULTADO}</arg>
<doc>Logs the given message to the console.</doc>
<status status="PASS" starttime="20210615 22:06:01.955" endtime="20210615 22:06:01.956"/>
</kw>
<msg timestamp="20210615 22:06:01.957" level="INFO">${RESULTADO_SOMA} = 3</msg>
<status status="PASS" starttime="20210615 22:06:01.952" endtime="20210615 22:06:01.957"/>
</kw>
<kw name="Log To Console" library="BuiltIn">
<arg>O resultado da soma é: ${RESULTADO_SOMA}</arg>
<doc>Logs the given message to the console.</doc>
<status status="PASS" starttime="20210615 22:06:01.957" endtime="20210615 22:06:01.958"/>
</kw>
<kw name="Somar dois números">
<var>${RESULTADO_SOMA}</var>
<arg>3</arg>
<arg>4</arg>
<kw name="Log To Console" library="BuiltIn">
<arg>${\n}Estou somando os números: ${NUM_A}+${NUM_B}</arg>
<doc>Logs the given message to the console.</doc>
<status status="PASS" starttime="20210615 22:06:01.959" endtime="20210615 22:06:01.960"/>
</kw>
<kw name="Evaluate" library="BuiltIn">
<var>${RESULTADO}</var>
<arg>${NUM_A}+${NUM_B}</arg>
<doc>Evaluates the given expression in Python and returns the result.</doc>
<msg timestamp="20210615 22:06:01.962" level="INFO">${RESULTADO} = 7</msg>
<status status="PASS" starttime="20210615 22:06:01.961" endtime="20210615 22:06:01.962"/>
</kw>
<kw name="Log To Console" library="BuiltIn">
<arg>O resultado é: ${RESULTADO}</arg>
<doc>Logs the given message to the console.</doc>
<status status="PASS" starttime="20210615 22:06:01.963" endtime="20210615 22:06:01.964"/>
</kw>
<msg timestamp="20210615 22:06:01.964" level="INFO">${RESULTADO_SOMA} = 7</msg>
<status status="PASS" starttime="20210615 22:06:01.959" endtime="20210615 22:06:01.964"/>
</kw>
<kw name="Log To Console" library="BuiltIn">
<arg>O resultado da soma é: ${RESULTADO_SOMA}</arg>
<doc>Logs the given message to the console.</doc>
<status status="PASS" starttime="20210615 22:06:01.966" endtime="20210615 22:06:01.968"/>
</kw>
<kw name="KW para executar no Teardown de cada Teste" type="TEARDOWN">
<kw name="Log To Console" library="BuiltIn">
<arg>Essa Kw foi executada ao final desse Teste!</arg>
<doc>Logs the given message to the console.</doc>
<status status="PASS" starttime="20210615 22:06:01.970" endtime="20210615 22:06:01.971"/>
</kw>
<status status="PASS" starttime="20210615 22:06:01.968" endtime="20210615 22:06:01.971"/>
</kw>
<status status="PASS" starttime="20210615 22:06:01.948" endtime="20210615 22:06:01.971"/>
</test>
<test id="s1-t2" name="Teste de somar dois números embutidos">
<kw name="KW para executar no Setup de cada Teste" type="SETUP">
<kw name="Log To Console" library="BuiltIn">
<arg>Essa Kw foi executada antes de começar esse Teste!</arg>
<doc>Logs the given message to the console.</doc>
<status status="PASS" starttime="20210615 22:06:01.976" endtime="20210615 22:06:01.977"/>
</kw>
<status status="PASS" starttime="20210615 22:06:01.976" endtime="20210615 22:06:01.977"/>
</kw>
<kw name="Somar os números &quot;3&quot; e &quot;6&quot;" sourcename="Somar os números &quot;${NUM_A}&quot; e &quot;${NUM_B}&quot;">
<var>${RESULTADO_SOMA}</var>
<kw name="Log To Console" library="BuiltIn">
<arg>${\n}Estou somando os números embutidos: ${NUM_A}+${NUM_B}</arg>
<doc>Logs the given message to the console.</doc>
<status status="PASS" starttime="20210615 22:06:01.978" endtime="20210615 22:06:01.979"/>
</kw>
<kw name="Evaluate" library="BuiltIn">
<var>${RESULTADO}</var>
<arg>${NUM_A}+${NUM_B}</arg>
<doc>Evaluates the given expression in Python and returns the result.</doc>
<msg timestamp="20210615 22:06:01.980" level="INFO">${RESULTADO} = 9</msg>
<status status="PASS" starttime="20210615 22:06:01.980" endtime="20210615 22:06:01.980"/>
</kw>
<msg timestamp="20210615 22:06:01.981" level="INFO">${RESULTADO_SOMA} = 9</msg>
<status status="PASS" starttime="20210615 22:06:01.978" endtime="20210615 22:06:01.981"/>
</kw>
<kw name="Log To Console" library="BuiltIn">
<arg>O resultado da soma embutida é: ${RESULTADO_SOMA}</arg>
<doc>Logs the given message to the console.</doc>
<status status="PASS" starttime="20210615 22:06:01.981" endtime="20210615 22:06:01.982"/>
</kw>
<kw name="Somar os números &quot;55&quot; e &quot;45&quot;" sourcename="Somar os números &quot;${NUM_A}&quot; e &quot;${NUM_B}&quot;">
<var>${RESULTADO_SOMA}</var>
<kw name="Log To Console" library="BuiltIn">
<arg>${\n}Estou somando os números embutidos: ${NUM_A}+${NUM_B}</arg>
<doc>Logs the given message to the console.</doc>
<status status="PASS" starttime="20210615 22:06:01.983" endtime="20210615 22:06:01.984"/>
</kw>
<kw name="Evaluate" library="BuiltIn">
<var>${RESULTADO}</var>
<arg>${NUM_A}+${NUM_B}</arg>
<doc>Evaluates the given expression in Python and returns the result.</doc>
<msg timestamp="20210615 22:06:01.985" level="INFO">${RESULTADO} = 100</msg>
<status status="PASS" starttime="20210615 22:06:01.984" endtime="20210615 22:06:01.985"/>
</kw>
<msg timestamp="20210615 22:06:01.986" level="INFO">${RESULTADO_SOMA} = 100</msg>
<status status="PASS" starttime="20210615 22:06:01.982" endtime="20210615 22:06:01.986"/>
</kw>
<kw name="Log To Console" library="BuiltIn">
<arg>O resultado da soma embutida é: ${RESULTADO_SOMA}</arg>
<doc>Logs the given message to the console.</doc>
<status status="PASS" starttime="20210615 22:06:01.986" endtime="20210615 22:06:01.987"/>
</kw>
<kw name="KW para executar no Teardown de cada Teste" type="TEARDOWN">
<kw name="Log To Console" library="BuiltIn">
<arg>Essa Kw foi executada ao final desse Teste!</arg>
<doc>Logs the given message to the console.</doc>
<status status="PASS" starttime="20210615 22:06:01.987" endtime="20210615 22:06:01.988"/>
</kw>
<status status="PASS" starttime="20210615 22:06:01.987" endtime="20210615 22:06:01.988"/>
</kw>
<status status="PASS" starttime="20210615 22:06:01.973" endtime="20210615 22:06:01.988"/>
</test>
<kw name="KW para executar no Teardown da Suíte" type="TEARDOWN">
<kw name="Log To Console" library="BuiltIn">
<arg>Essa Kw foi executada ao final da Suíte!</arg>
<doc>Logs the given message to the console.</doc>
<status status="PASS" starttime="20210615 22:06:01.992" endtime="20210615 22:06:01.992"/>
</kw>
<status status="PASS" starttime="20210615 22:06:01.991" endtime="20210615 22:06:01.993"/>
</kw>
<doc>Testes para criar KWs que recebem argumentos e retornam um resultado</doc>
<status status="PASS" starttime="20210615 22:06:01.902" endtime="20210615 22:06:01.993"/>
</suite>
<statistics>
<total>
<stat pass="2" fail="0" skip="0">All Tests</stat>
</total>
<tag>
</tag>
<suite>
<stat pass="2" fail="0" skip="0" id="s1" name="Setp Teardown">Setp Teardown</stat>
</suite>
</statistics>
<errors>
</errors>
</robot>
