<?xml version="1.0" encoding="UTF-8"?>
<robot generator="Robot 4.0.3 (Python 3.9.5 on win32)" generated="20210618 22:03:56.850" rpa="false" schemaversion="2">
<suite id="s1" name="Testes" source="C:\Projeto\Prime\Prime_experts_jun2021-main\aula_pratica\testes.robot">
<test id="s1-t1" name="Search content">
<kw name="Open Youtube">
<kw name="Open Application" library="AppiumLibrary">
<arg>${REMOTE_URL}</arg>
<arg>platformName=${PLATFORM_NAME}</arg>
<arg>platformVersion=${PLATFORM_VERSION}</arg>
<arg>deviceName=${DEVICE_NAME}</arg>
<arg>appPackage=${APP_PACKAGE}</arg>
<arg>appActivity=${APP_ACTIVITY}</arg>
<arg>automationName=${AUTOMATION_NAME}</arg>
<doc>Opens a new application to given Appium server.
Capabilities of appium server, Android and iOS,
Please check https://github.com/appium/appium/blob/master/docs/en/writing-running-appium/server-args.md
| *Option*            | *Man.* | *Description*     |
| remote_url          | Yes    | Appium server url |
| alias               | no     | alias             |</doc>
<status status="PASS" starttime="20210618 22:04:03.247" endtime="20210618 22:04:27.872"/>
</kw>
<kw name="Wait Until Page Contains Element" library="AppiumLibrary">
<arg>${BANNER_ICON}</arg>
<arg>20</arg>
<doc>Waits until element specified with `locator` appears on current page.</doc>
<kw name="Capture Page Screenshot" library="AppiumLibrary">
<doc>Takes a screenshot of the current page and embeds it into the log.</doc>
<msg timestamp="20210618 22:04:30.719" level="FAIL">WebDriverException: Message: An unknown server-side error occurred while processing the command. Original error: Could not proxy command to the remote server. Original error: socket hang up
</msg>
<status status="FAIL" starttime="20210618 22:04:30.080" endtime="20210618 22:04:30.719"/>
</kw>
<msg timestamp="20210618 22:04:30.722" level="WARN">Keyword 'Capture Page Screenshot' could not be run on failure: WebDriverException: Message: An unknown server-side error occurred while processing the command. Original error: Could not proxy command to the remote server. Original error: socket hang up
</msg>
<msg timestamp="20210618 22:04:30.999" level="FAIL">WebDriverException: Message: An unknown server-side error occurred while processing the command. Original error: Could not proxy command to the remote server. Original error: socket hang up
</msg>
<status status="FAIL" starttime="20210618 22:04:27.872" endtime="20210618 22:04:30.999"/>
</kw>
<status status="FAIL" starttime="20210618 22:04:03.247" endtime="20210618 22:04:30.999"/>
</kw>
<kw name="Search For">
<arg>adrenaline</arg>
<status status="NOT RUN" starttime="20210618 22:04:31.001" endtime="20210618 22:04:31.001"/>
</kw>
<kw name="Select Playlist Menu">
<status status="NOT RUN" starttime="20210618 22:04:31.002" endtime="20210618 22:04:31.002"/>
</kw>
<kw name="Navigate Menus">
<status status="NOT RUN" starttime="20210618 22:04:31.002" endtime="20210618 22:04:31.002"/>
</kw>
<status status="FAIL" starttime="20210618 22:04:03.246" endtime="20210618 22:04:31.003">WebDriverException: Message: An unknown server-side error occurred while processing the command. Original error: Could not proxy command to the remote server. Original error: socket hang up
</status>
</test>
<doc>automatizando app do youtube (PrimeExperts)</doc>
<status status="FAIL" starttime="20210618 22:03:56.869" endtime="20210618 22:04:31.014"/>
</suite>
<statistics>
<total>
<stat pass="0" fail="1" skip="0">All Tests</stat>
</total>
<tag>
</tag>
<suite>
<stat pass="0" fail="1" skip="0" id="s1" name="Testes">Testes</stat>
</suite>
</statistics>
<errors>
<msg timestamp="20210618 22:04:30.722" level="WARN">Keyword 'Capture Page Screenshot' could not be run on failure: WebDriverException: Message: An unknown server-side error occurred while processing the command. Original error: Could not proxy command to the remote server. Original error: socket hang up
</msg>
</errors>
</robot>
