<?xml version="1.0" encoding="UTF-8"?>
<robot generator="Robot 4.0.3 (Python 3.9.5 on win32)" generated="20210615 22:07:33.097" rpa="false" schemaversion="2">
<suite id="s1" name="Teste Variaveis" source="C:\Projeto\Prime\Prime_experts_jun2021\variables\Exercicios\teste_variaveis.robot">
<test id="s1-t1" name="Meu teste de impressão de mensagem no terminal">
<kw name="Logar no meu terminal uma mensagem">
<kw name="Log To Console" library="BuiltIn">
<arg>${\n}</arg>
<doc>Logs the given message to the console.</doc>
<status status="PASS" starttime="20210615 22:07:33.139" endtime="20210615 22:07:33.139"/>
</kw>
<kw name="Log To Console" library="BuiltIn">
<arg>${MENSAGEM}</arg>
<doc>Logs the given message to the console.</doc>
<status status="PASS" starttime="20210615 22:07:33.139" endtime="20210615 22:07:33.140"/>
</kw>
<status status="PASS" starttime="20210615 22:07:33.138" endtime="20210615 22:07:33.141"/>
</kw>
<status status="PASS" starttime="20210615 22:07:33.138" endtime="20210615 22:07:33.141"/>
</test>
<test id="s1-t2" name="Meu teste imprimindo um dicionário de PESSOA">
<kw name="Logar no meu terminal uma PESSOA">
<kw name="Log To Console" library="BuiltIn">
<arg>${\n}</arg>
<doc>Logs the given message to the console.</doc>
<status status="PASS" starttime="20210615 22:07:33.145" endtime="20210615 22:07:33.146"/>
</kw>
<kw name="Log To Console" library="BuiltIn">
<arg>${PESSOA}</arg>
<doc>Logs the given message to the console.</doc>
<status status="PASS" starttime="20210615 22:07:33.147" endtime="20210615 22:07:33.148"/>
</kw>
<kw name="Log To Console" library="BuiltIn">
<arg>${\n}</arg>
<doc>Logs the given message to the console.</doc>
<status status="PASS" starttime="20210615 22:07:33.148" endtime="20210615 22:07:33.150"/>
</kw>
<kw name="Log To Console" library="BuiltIn">
<arg>${PESSOA.nome} ${PESSOA.sobrenome} ${PESSOA.idade} anos!</arg>
<doc>Logs the given message to the console.</doc>
<status status="PASS" starttime="20210615 22:07:33.150" endtime="20210615 22:07:33.154"/>
</kw>
<status status="PASS" starttime="20210615 22:07:33.144" endtime="20210615 22:07:33.155"/>
</kw>
<status status="PASS" starttime="20210615 22:07:33.143" endtime="20210615 22:07:33.155"/>
</test>
<test id="s1-t3" name="Meu teste imprimindo uma lista de FRUTAS">
<kw name="Logar no meu terminal uma LISTA DE FRUTAS">
<kw name="Set Variable" library="BuiltIn">
<var>${outra_fruta}</var>
<arg>abacaxi</arg>
<doc>Returns the given values which can then be assigned to a variables.</doc>
<msg timestamp="20210615 22:07:33.158" level="INFO">${outra_fruta} = abacaxi</msg>
<status status="PASS" starttime="20210615 22:07:33.158" endtime="20210615 22:07:33.158"/>
</kw>
<kw name="Set Test Variable" library="BuiltIn">
<arg>${nova_fruta}</arg>
<arg>morango</arg>
<doc>Makes a variable available everywhere within the scope of the current test.</doc>
<msg timestamp="20210615 22:07:33.160" level="INFO">${nova_fruta} = morango</msg>
<status status="PASS" starttime="20210615 22:07:33.158" endtime="20210615 22:07:33.160"/>
</kw>
<kw name="Log To Console" library="BuiltIn">
<arg>${\n}</arg>
<doc>Logs the given message to the console.</doc>
<status status="PASS" starttime="20210615 22:07:33.160" endtime="20210615 22:07:33.161"/>
</kw>
<kw name="Log To Console" library="BuiltIn">
<arg>${FRUTAS}</arg>
<doc>Logs the given message to the console.</doc>
<status status="PASS" starttime="20210615 22:07:33.162" endtime="20210615 22:07:33.163"/>
</kw>
<kw name="Log Many" library="BuiltIn">
<arg>${FRUTAS}</arg>
<doc>Logs the given messages as separate entries using the INFO level.</doc>
<msg timestamp="20210615 22:07:33.163" level="INFO">['banana', 'maça', 'laranja']</msg>
<status status="PASS" starttime="20210615 22:07:33.163" endtime="20210615 22:07:33.164"/>
</kw>
<kw name="Log To Console" library="BuiltIn">
<arg>${nova_fruta}-${outra_fruta}</arg>
<doc>Logs the given message to the console.</doc>
<status status="PASS" starttime="20210615 22:07:33.164" endtime="20210615 22:07:33.165"/>
</kw>
<kw name="Log To Console" library="BuiltIn">
<arg>${FRUTAS}[0]</arg>
<doc>Logs the given message to the console.</doc>
<status status="PASS" starttime="20210615 22:07:33.166" endtime="20210615 22:07:33.168"/>
</kw>
<kw name="Log To Console" library="BuiltIn">
<arg>${FRUTAS[1]}</arg>
<doc>Logs the given message to the console.</doc>
<status status="PASS" starttime="20210615 22:07:33.168" endtime="20210615 22:07:33.170"/>
</kw>
<kw name="Log To Console" library="BuiltIn">
<arg>${FRUTAS[2]}</arg>
<doc>Logs the given message to the console.</doc>
<status status="PASS" starttime="20210615 22:07:33.170" endtime="20210615 22:07:33.172"/>
</kw>
<status status="PASS" starttime="20210615 22:07:33.157" endtime="20210615 22:07:33.173"/>
</kw>
<status status="PASS" starttime="20210615 22:07:33.156" endtime="20210615 22:07:33.174"/>
</test>
<doc>Meu teste de variáveis</doc>
<status status="PASS" starttime="20210615 22:07:33.097" endtime="20210615 22:07:33.181"/>
</suite>
<statistics>
<total>
<stat pass="3" fail="0" skip="0">All Tests</stat>
</total>
<tag>
</tag>
<suite>
<stat pass="3" fail="0" skip="0" id="s1" name="Teste Variaveis">Teste Variaveis</stat>
</suite>
</statistics>
<errors>
</errors>
</robot>
