<?xml version="1.0" encoding="UTF-8"?>
<robot generator="Robot 4.0.3 (Python 3.9.5 on win32)" generated="20210615 22:04:51.779" rpa="false" schemaversion="2">
<suite id="s1" name="Exercicio For" source="C:\Projeto\Prime\Prime_experts_jun2021\For\Exercicio\exercicio_for.robot">
<test id="s1-t1" name="Teste de contar">
<kw name="Imprimir intervalo">
<arg>0</arg>
<arg>10</arg>
<for flavor="IN RANGE">
<var>${counter}</var>
<value>${A}</value>
<value>${B}+1</value>
<iter>
<var name="${counter}">0</var>
<kw name="Log To Console" library="BuiltIn">
<arg>Estou no número: ${counter}</arg>
<doc>Logs the given message to the console.</doc>
<status status="PASS" starttime="20210615 22:04:51.812" endtime="20210615 22:04:51.813"/>
</kw>
<status status="PASS" starttime="20210615 22:04:51.812" endtime="20210615 22:04:51.813"/>
</iter>
<iter>
<var name="${counter}">1</var>
<kw name="Log To Console" library="BuiltIn">
<arg>Estou no número: ${counter}</arg>
<doc>Logs the given message to the console.</doc>
<status status="PASS" starttime="20210615 22:04:51.813" endtime="20210615 22:04:51.814"/>
</kw>
<status status="PASS" starttime="20210615 22:04:51.813" endtime="20210615 22:04:51.814"/>
</iter>
<iter>
<var name="${counter}">2</var>
<kw name="Log To Console" library="BuiltIn">
<arg>Estou no número: ${counter}</arg>
<doc>Logs the given message to the console.</doc>
<status status="PASS" starttime="20210615 22:04:51.815" endtime="20210615 22:04:51.816"/>
</kw>
<status status="PASS" starttime="20210615 22:04:51.815" endtime="20210615 22:04:51.816"/>
</iter>
<iter>
<var name="${counter}">3</var>
<kw name="Log To Console" library="BuiltIn">
<arg>Estou no número: ${counter}</arg>
<doc>Logs the given message to the console.</doc>
<status status="PASS" starttime="20210615 22:04:51.817" endtime="20210615 22:04:51.818"/>
</kw>
<status status="PASS" starttime="20210615 22:04:51.817" endtime="20210615 22:04:51.818"/>
</iter>
<iter>
<var name="${counter}">4</var>
<kw name="Log To Console" library="BuiltIn">
<arg>Estou no número: ${counter}</arg>
<doc>Logs the given message to the console.</doc>
<status status="PASS" starttime="20210615 22:04:51.818" endtime="20210615 22:04:51.819"/>
</kw>
<status status="PASS" starttime="20210615 22:04:51.818" endtime="20210615 22:04:51.819"/>
</iter>
<iter>
<var name="${counter}">5</var>
<kw name="Log To Console" library="BuiltIn">
<arg>Estou no número: ${counter}</arg>
<doc>Logs the given message to the console.</doc>
<status status="PASS" starttime="20210615 22:04:51.820" endtime="20210615 22:04:51.820"/>
</kw>
<status status="PASS" starttime="20210615 22:04:51.819" endtime="20210615 22:04:51.820"/>
</iter>
<iter>
<var name="${counter}">6</var>
<kw name="Log To Console" library="BuiltIn">
<arg>Estou no número: ${counter}</arg>
<doc>Logs the given message to the console.</doc>
<status status="PASS" starttime="20210615 22:04:51.821" endtime="20210615 22:04:51.821"/>
</kw>
<status status="PASS" starttime="20210615 22:04:51.820" endtime="20210615 22:04:51.821"/>
</iter>
<iter>
<var name="${counter}">7</var>
<kw name="Log To Console" library="BuiltIn">
<arg>Estou no número: ${counter}</arg>
<doc>Logs the given message to the console.</doc>
<status status="PASS" starttime="20210615 22:04:51.822" endtime="20210615 22:04:51.823"/>
</kw>
<status status="PASS" starttime="20210615 22:04:51.822" endtime="20210615 22:04:51.823"/>
</iter>
<iter>
<var name="${counter}">8</var>
<kw name="Log To Console" library="BuiltIn">
<arg>Estou no número: ${counter}</arg>
<doc>Logs the given message to the console.</doc>
<status status="PASS" starttime="20210615 22:04:51.823" endtime="20210615 22:04:51.824"/>
</kw>
<status status="PASS" starttime="20210615 22:04:51.823" endtime="20210615 22:04:51.824"/>
</iter>
<iter>
<var name="${counter}">9</var>
<kw name="Log To Console" library="BuiltIn">
<arg>Estou no número: ${counter}</arg>
<doc>Logs the given message to the console.</doc>
<status status="PASS" starttime="20210615 22:04:51.824" endtime="20210615 22:04:51.826"/>
</kw>
<status status="PASS" starttime="20210615 22:04:51.824" endtime="20210615 22:04:51.826"/>
</iter>
<iter>
<var name="${counter}">10</var>
<kw name="Log To Console" library="BuiltIn">
<arg>Estou no número: ${counter}</arg>
<doc>Logs the given message to the console.</doc>
<status status="PASS" starttime="20210615 22:04:51.827" endtime="20210615 22:04:51.828"/>
</kw>
<status status="PASS" starttime="20210615 22:04:51.827" endtime="20210615 22:04:51.829"/>
</iter>
<status status="PASS" starttime="20210615 22:04:51.810" endtime="20210615 22:04:51.829"/>
</for>
<status status="PASS" starttime="20210615 22:04:51.810" endtime="20210615 22:04:51.830"/>
</kw>
<kw name="Imprimir intervalo">
<arg>20</arg>
<arg>25</arg>
<for flavor="IN RANGE">
<var>${counter}</var>
<value>${A}</value>
<value>${B}+1</value>
<iter>
<var name="${counter}">20</var>
<kw name="Log To Console" library="BuiltIn">
<arg>Estou no número: ${counter}</arg>
<doc>Logs the given message to the console.</doc>
<status status="PASS" starttime="20210615 22:04:51.832" endtime="20210615 22:04:51.832"/>
</kw>
<status status="PASS" starttime="20210615 22:04:51.832" endtime="20210615 22:04:51.833"/>
</iter>
<iter>
<var name="${counter}">21</var>
<kw name="Log To Console" library="BuiltIn">
<arg>Estou no número: ${counter}</arg>
<doc>Logs the given message to the console.</doc>
<status status="PASS" starttime="20210615 22:04:51.834" endtime="20210615 22:04:51.834"/>
</kw>
<status status="PASS" starttime="20210615 22:04:51.833" endtime="20210615 22:04:51.835"/>
</iter>
<iter>
<var name="${counter}">22</var>
<kw name="Log To Console" library="BuiltIn">
<arg>Estou no número: ${counter}</arg>
<doc>Logs the given message to the console.</doc>
<status status="PASS" starttime="20210615 22:04:51.835" endtime="20210615 22:04:51.836"/>
</kw>
<status status="PASS" starttime="20210615 22:04:51.835" endtime="20210615 22:04:51.836"/>
</iter>
<iter>
<var name="${counter}">23</var>
<kw name="Log To Console" library="BuiltIn">
<arg>Estou no número: ${counter}</arg>
<doc>Logs the given message to the console.</doc>
<status status="PASS" starttime="20210615 22:04:51.836" endtime="20210615 22:04:51.837"/>
</kw>
<status status="PASS" starttime="20210615 22:04:51.836" endtime="20210615 22:04:51.837"/>
</iter>
<iter>
<var name="${counter}">24</var>
<kw name="Log To Console" library="BuiltIn">
<arg>Estou no número: ${counter}</arg>
<doc>Logs the given message to the console.</doc>
<status status="PASS" starttime="20210615 22:04:51.837" endtime="20210615 22:04:51.838"/>
</kw>
<status status="PASS" starttime="20210615 22:04:51.837" endtime="20210615 22:04:51.838"/>
</iter>
<iter>
<var name="${counter}">25</var>
<kw name="Log To Console" library="BuiltIn">
<arg>Estou no número: ${counter}</arg>
<doc>Logs the given message to the console.</doc>
<status status="PASS" starttime="20210615 22:04:51.838" endtime="20210615 22:04:51.839"/>
</kw>
<status status="PASS" starttime="20210615 22:04:51.838" endtime="20210615 22:04:51.839"/>
</iter>
<status status="PASS" starttime="20210615 22:04:51.831" endtime="20210615 22:04:51.839"/>
</for>
<status status="PASS" starttime="20210615 22:04:51.831" endtime="20210615 22:04:51.839"/>
</kw>
<status status="PASS" starttime="20210615 22:04:51.809" endtime="20210615 22:04:51.839"/>
</test>
<test id="s1-t2" name="Teste de imprimir a lista de países">
<kw name="Imprimir uma lista">
<for flavor="IN">
<var>${pais}</var>
<value>@{PAISES}</value>
<iter>
<var name="${pais}">Brasil</var>
<kw name="Log To Console" library="BuiltIn">
<arg>País: ${pais}</arg>
<doc>Logs the given message to the console.</doc>
<status status="PASS" starttime="20210615 22:04:51.843" endtime="20210615 22:04:51.845"/>
</kw>
<status status="PASS" starttime="20210615 22:04:51.842" endtime="20210615 22:04:51.845"/>
</iter>
<iter>
<var name="${pais}">Argentina</var>
<kw name="Log To Console" library="BuiltIn">
<arg>País: ${pais}</arg>
<doc>Logs the given message to the console.</doc>
<status status="PASS" starttime="20210615 22:04:51.845" endtime="20210615 22:04:51.847"/>
</kw>
<status status="PASS" starttime="20210615 22:04:51.845" endtime="20210615 22:04:51.847"/>
</iter>
<iter>
<var name="${pais}">Chile</var>
<kw name="Log To Console" library="BuiltIn">
<arg>País: ${pais}</arg>
<doc>Logs the given message to the console.</doc>
<status status="PASS" starttime="20210615 22:04:51.848" endtime="20210615 22:04:51.848"/>
</kw>
<status status="PASS" starttime="20210615 22:04:51.847" endtime="20210615 22:04:51.849"/>
</iter>
<status status="PASS" starttime="20210615 22:04:51.842" endtime="20210615 22:04:51.849"/>
</for>
<status status="PASS" starttime="20210615 22:04:51.842" endtime="20210615 22:04:51.849"/>
</kw>
<status status="PASS" starttime="20210615 22:04:51.841" endtime="20210615 22:04:51.849"/>
</test>
<doc>Exercício de (FOR)</doc>
<status status="PASS" starttime="20210615 22:04:51.781" endtime="20210615 22:04:51.851"/>
</suite>
<statistics>
<total>
<stat pass="2" fail="0" skip="0">All Tests</stat>
</total>
<tag>
</tag>
<suite>
<stat pass="2" fail="0" skip="0" id="s1" name="Exercicio For">Exercicio For</stat>
</suite>
</statistics>
<errors>
</errors>
</robot>
