<?xml version="1.0" encoding="UTF-8"?>
<robot generator="Robot 4.0.3 (Python 3.9.5 on win32)" generated="20210617 22:36:46.780" rpa="false" schemaversion="2">
<suite id="s1" name="Setp Teardown" source="C:\Projeto\Prime\Prime_experts_jun2021-main\setp_teardown\Exercicio\setp_teardown.robot">
<kw name="KW para executar no Setup da Suite" type="SETUP">
<kw name="Log To Console" library="BuiltIn">
<arg>Essa Kw foi executada antes de começar a Suíte!</arg>
<doc>Logs the given message to the console.</doc>
<status status="PASS" starttime="20210617 22:36:46.842" endtime="20210617 22:36:46.842"/>
</kw>
<status status="PASS" starttime="20210617 22:36:46.829" endtime="20210617 22:36:46.843"/>
</kw>
<test id="s1-t1" name="Teste de somar dois números">
<kw name="KW para executar no Setup de cada Teste" type="SETUP">
<kw name="Log To Console" library="BuiltIn">
<arg>Essa Kw foi executada antes de começar esse Teste!</arg>
<doc>Logs the given message to the console.</doc>
<status status="PASS" starttime="20210617 22:36:46.845" endtime="20210617 22:36:46.846"/>
</kw>
<status status="PASS" starttime="20210617 22:36:46.844" endtime="20210617 22:36:46.847"/>
</kw>
<kw name="Somar dois números">
<var>${RESULTADO_SOMA}</var>
<arg>1</arg>
<arg>2</arg>
<kw name="Log To Console" library="BuiltIn">
<arg>${\n}Estou somando os números: ${NUM_A}+${NUM_B}</arg>
<doc>Logs the given message to the console.</doc>
<status status="PASS" starttime="20210617 22:36:46.848" endtime="20210617 22:36:46.849"/>
</kw>
<kw name="Evaluate" library="BuiltIn">
<var>${RESULTADO}</var>
<arg>${NUM_A}+${NUM_B}</arg>
<doc>Evaluates the given expression in Python and returns the result.</doc>
<msg timestamp="20210617 22:36:46.850" level="INFO">${RESULTADO} = 3</msg>
<status status="PASS" starttime="20210617 22:36:46.850" endtime="20210617 22:36:46.850"/>
</kw>
<kw name="Log To Console" library="BuiltIn">
<arg>O resultado é: ${RESULTADO}</arg>
<doc>Logs the given message to the console.</doc>
<status status="PASS" starttime="20210617 22:36:46.850" endtime="20210617 22:36:46.852"/>
</kw>
<msg timestamp="20210617 22:36:46.852" level="INFO">${RESULTADO_SOMA} = 3</msg>
<status status="PASS" starttime="20210617 22:36:46.848" endtime="20210617 22:36:46.853"/>
</kw>
<kw name="Log To Console" library="BuiltIn">
<arg>O resultado da soma é: ${RESULTADO_SOMA}</arg>
<doc>Logs the given message to the console.</doc>
<status status="PASS" starttime="20210617 22:36:46.853" endtime="20210617 22:36:46.854"/>
</kw>
<kw name="Somar dois números">
<var>${RESULTADO_SOMA}</var>
<arg>3</arg>
<arg>4</arg>
<kw name="Log To Console" library="BuiltIn">
<arg>${\n}Estou somando os números: ${NUM_A}+${NUM_B}</arg>
<doc>Logs the given message to the console.</doc>
<status status="PASS" starttime="20210617 22:36:46.855" endtime="20210617 22:36:46.856"/>
</kw>
<kw name="Evaluate" library="BuiltIn">
<var>${RESULTADO}</var>
<arg>${NUM_A}+${NUM_B}</arg>
<doc>Evaluates the given expression in Python and returns the result.</doc>
<msg timestamp="20210617 22:36:46.857" level="INFO">${RESULTADO} = 7</msg>
<status status="PASS" starttime="20210617 22:36:46.857" endtime="20210617 22:36:46.857"/>
</kw>
<kw name="Log To Console" library="BuiltIn">
<arg>O resultado é: ${RESULTADO}</arg>
<doc>Logs the given message to the console.</doc>
<status status="PASS" starttime="20210617 22:36:46.858" endtime="20210617 22:36:46.858"/>
</kw>
<msg timestamp="20210617 22:36:46.859" level="INFO">${RESULTADO_SOMA} = 7</msg>
<status status="PASS" starttime="20210617 22:36:46.855" endtime="20210617 22:36:46.859"/>
</kw>
<kw name="Log To Console" library="BuiltIn">
<arg>O resultado da soma é: ${RESULTADO_SOMA}</arg>
<doc>Logs the given message to the console.</doc>
<status status="PASS" starttime="20210617 22:36:46.859" endtime="20210617 22:36:46.860"/>
</kw>
<kw name="KW para executar no Teardown de cada Teste" type="TEARDOWN">
<kw name="Log To Console" library="BuiltIn">
<arg>Essa Kw foi executada ao final desse Teste!</arg>
<doc>Logs the given message to the console.</doc>
<status status="PASS" starttime="20210617 22:36:46.861" endtime="20210617 22:36:46.863"/>
</kw>
<status status="PASS" starttime="20210617 22:36:46.860" endtime="20210617 22:36:46.863"/>
</kw>
<status status="PASS" starttime="20210617 22:36:46.843" endtime="20210617 22:36:46.865"/>
</test>
<test id="s1-t2" name="Teste de somar dois números embutidos">
<kw name="KW para executar no Setup de cada Teste" type="SETUP">
<kw name="Log To Console" library="BuiltIn">
<arg>Essa Kw foi executada antes de começar esse Teste!</arg>
<doc>Logs the given message to the console.</doc>
<status status="PASS" starttime="20210617 22:36:46.870" endtime="20210617 22:36:46.870"/>
</kw>
<status status="PASS" starttime="20210617 22:36:46.869" endtime="20210617 22:36:46.871"/>
</kw>
<kw name="Somar os números &quot;3&quot; e &quot;6&quot;" sourcename="Somar os números &quot;${NUM_A}&quot; e &quot;${NUM_B}&quot;">
<var>${RESULTADO_SOMA}</var>
<kw name="Log To Console" library="BuiltIn">
<arg>${\n}Estou somando os números embutidos: ${NUM_A}+${NUM_B}</arg>
<doc>Logs the given message to the console.</doc>
<status status="PASS" starttime="20210617 22:36:46.872" endtime="20210617 22:36:46.873"/>
</kw>
<kw name="Evaluate" library="BuiltIn">
<var>${RESULTADO}</var>
<arg>${NUM_A}+${NUM_B}</arg>
<doc>Evaluates the given expression in Python and returns the result.</doc>
<msg timestamp="20210617 22:36:46.874" level="INFO">${RESULTADO} = 9</msg>
<status status="PASS" starttime="20210617 22:36:46.873" endtime="20210617 22:36:46.874"/>
</kw>
<msg timestamp="20210617 22:36:46.874" level="INFO">${RESULTADO_SOMA} = 9</msg>
<status status="PASS" starttime="20210617 22:36:46.871" endtime="20210617 22:36:46.874"/>
</kw>
<kw name="Log To Console" library="BuiltIn">
<arg>O resultado da soma embutida é: ${RESULTADO_SOMA}</arg>
<doc>Logs the given message to the console.</doc>
<status status="PASS" starttime="20210617 22:36:46.875" endtime="20210617 22:36:46.876"/>
</kw>
<kw name="Somar os números &quot;55&quot; e &quot;45&quot;" sourcename="Somar os números &quot;${NUM_A}&quot; e &quot;${NUM_B}&quot;">
<var>${RESULTADO_SOMA}</var>
<kw name="Log To Console" library="BuiltIn">
<arg>${\n}Estou somando os números embutidos: ${NUM_A}+${NUM_B}</arg>
<doc>Logs the given message to the console.</doc>
<status status="PASS" starttime="20210617 22:36:46.877" endtime="20210617 22:36:46.878"/>
</kw>
<kw name="Evaluate" library="BuiltIn">
<var>${RESULTADO}</var>
<arg>${NUM_A}+${NUM_B}</arg>
<doc>Evaluates the given expression in Python and returns the result.</doc>
<msg timestamp="20210617 22:36:46.879" level="INFO">${RESULTADO} = 100</msg>
<status status="PASS" starttime="20210617 22:36:46.878" endtime="20210617 22:36:46.879"/>
</kw>
<msg timestamp="20210617 22:36:46.879" level="INFO">${RESULTADO_SOMA} = 100</msg>
<status status="PASS" starttime="20210617 22:36:46.876" endtime="20210617 22:36:46.879"/>
</kw>
<kw name="Log To Console" library="BuiltIn">
<arg>O resultado da soma embutida é: ${RESULTADO_SOMA}</arg>
<doc>Logs the given message to the console.</doc>
<status status="PASS" starttime="20210617 22:36:46.880" endtime="20210617 22:36:46.880"/>
</kw>
<kw name="KW para executar no Teardown de cada Teste" type="TEARDOWN">
<kw name="Log To Console" library="BuiltIn">
<arg>Essa Kw foi executada ao final desse Teste!</arg>
<doc>Logs the given message to the console.</doc>
<status status="PASS" starttime="20210617 22:36:46.882" endtime="20210617 22:36:46.882"/>
</kw>
<status status="PASS" starttime="20210617 22:36:46.881" endtime="20210617 22:36:46.882"/>
</kw>
<status status="PASS" starttime="20210617 22:36:46.868" endtime="20210617 22:36:46.883"/>
</test>
<kw name="KW para executar no Teardown da Suíte" type="TEARDOWN">
<kw name="Log To Console" library="BuiltIn">
<arg>Essa Kw foi executada ao final da Suíte!</arg>
<doc>Logs the given message to the console.</doc>
<status status="PASS" starttime="20210617 22:36:46.889" endtime="20210617 22:36:46.891"/>
</kw>
<status status="PASS" starttime="20210617 22:36:46.888" endtime="20210617 22:36:46.892"/>
</kw>
<doc>Testes para criar KWs que recebem argumentos e retornam um resultado</doc>
<status status="PASS" starttime="20210617 22:36:46.789" endtime="20210617 22:36:46.892"/>
</suite>
<statistics>
<total>
<stat pass="2" fail="0" skip="0">All Tests</stat>
</total>
<tag>
</tag>
<suite>
<stat pass="2" fail="0" skip="0" id="s1" name="Setp Teardown">Setp Teardown</stat>
</suite>
</statistics>
<errors>
</errors>
</robot>
