<?xml version="1.0" encoding="UTF-8"?>
<robot generator="Robot 4.0.3 (Python 3.9.5 on win32)" generated="20210615 22:01:11.123" rpa="false" schemaversion="2">
<suite id="s1" name="Teste Variaveis" source="C:\Projeto\Prime\Prime_experts_jun2021\variables\teste_variaveis.robot">
<test id="s1-t1" name="Meu teste de impressão de mensagem no terminal">
<kw name="Logar no meu terminal uma mensagem">
<kw name="Log To Console" library="BuiltIn">
<arg>${\n}</arg>
<doc>Logs the given message to the console.</doc>
<status status="PASS" starttime="20210615 22:01:11.165" endtime="20210615 22:01:11.167"/>
</kw>
<kw name="Log To Console" library="BuiltIn">
<arg>${MENSAGEM}</arg>
<doc>Logs the given message to the console.</doc>
<status status="PASS" starttime="20210615 22:01:11.167" endtime="20210615 22:01:11.168"/>
</kw>
<status status="PASS" starttime="20210615 22:01:11.165" endtime="20210615 22:01:11.169"/>
</kw>
<status status="PASS" starttime="20210615 22:01:11.163" endtime="20210615 22:01:11.169"/>
</test>
<test id="s1-t2" name="Meu teste imprimindo um dicionário de PESSOA">
<kw name="Logar no meu terminal uma PESSOA">
<kw name="Log To Console" library="BuiltIn">
<arg>${\n}</arg>
<doc>Logs the given message to the console.</doc>
<status status="PASS" starttime="20210615 22:01:11.180" endtime="20210615 22:01:11.184"/>
</kw>
<kw name="Log To Console" library="BuiltIn">
<arg>${PESSOA}</arg>
<doc>Logs the given message to the console.</doc>
<status status="PASS" starttime="20210615 22:01:11.185" endtime="20210615 22:01:11.188"/>
</kw>
<kw name="Log To Console" library="BuiltIn">
<arg>${\n}</arg>
<doc>Logs the given message to the console.</doc>
<status status="PASS" starttime="20210615 22:01:11.189" endtime="20210615 22:01:11.192"/>
</kw>
<kw name="Log To Console" library="BuiltIn">
<arg>${PESSOA.nome} ${PESSOA.sobrenome} ${PESSOA.idade} anos!</arg>
<doc>Logs the given message to the console.</doc>
<status status="PASS" starttime="20210615 22:01:11.193" endtime="20210615 22:01:11.197"/>
</kw>
<status status="PASS" starttime="20210615 22:01:11.178" endtime="20210615 22:01:11.198"/>
</kw>
<status status="PASS" starttime="20210615 22:01:11.176" endtime="20210615 22:01:11.199"/>
</test>
<test id="s1-t3" name="Meu teste imprimindo uma lista de FRUTAS">
<kw name="Logar no meu terminal uma LISTA DE FRUTAS">
<kw name="Set Variable" library="BuiltIn">
<var>${outra_fruta}</var>
<arg>abacaxi</arg>
<doc>Returns the given values which can then be assigned to a variables.</doc>
<msg timestamp="20210615 22:01:11.205" level="INFO">${outra_fruta} = abacaxi</msg>
<status status="PASS" starttime="20210615 22:01:11.204" endtime="20210615 22:01:11.205"/>
</kw>
<kw name="Set Test Variable" library="BuiltIn">
<arg>${nova_fruta}</arg>
<arg>morango</arg>
<doc>Makes a variable available everywhere within the scope of the current test.</doc>
<msg timestamp="20210615 22:01:11.206" level="INFO">${nova_fruta} = morango</msg>
<status status="PASS" starttime="20210615 22:01:11.205" endtime="20210615 22:01:11.206"/>
</kw>
<kw name="Log To Console" library="BuiltIn">
<arg>${\n}</arg>
<doc>Logs the given message to the console.</doc>
<status status="PASS" starttime="20210615 22:01:11.206" endtime="20210615 22:01:11.207"/>
</kw>
<kw name="Log To Console" library="BuiltIn">
<arg>${FRUTAS}</arg>
<doc>Logs the given message to the console.</doc>
<status status="PASS" starttime="20210615 22:01:11.208" endtime="20210615 22:01:11.209"/>
</kw>
<kw name="Log Many" library="BuiltIn">
<arg>${FRUTAS}</arg>
<doc>Logs the given messages as separate entries using the INFO level.</doc>
<msg timestamp="20210615 22:01:11.209" level="INFO">['banana', 'maça', 'laranja']</msg>
<status status="PASS" starttime="20210615 22:01:11.209" endtime="20210615 22:01:11.210"/>
</kw>
<kw name="Log To Console" library="BuiltIn">
<arg>${nova_fruta}-${outra_fruta}</arg>
<doc>Logs the given message to the console.</doc>
<status status="PASS" starttime="20210615 22:01:11.235" endtime="20210615 22:01:11.248"/>
</kw>
<kw name="Log To Console" library="BuiltIn">
<arg>${FRUTAS}[0]</arg>
<doc>Logs the given message to the console.</doc>
<status status="PASS" starttime="20210615 22:01:11.248" endtime="20210615 22:01:11.286"/>
</kw>
<kw name="Log To Console" library="BuiltIn">
<arg>${FRUTAS[1]}</arg>
<doc>Logs the given message to the console.</doc>
<status status="PASS" starttime="20210615 22:01:11.286" endtime="20210615 22:01:11.290"/>
</kw>
<kw name="Log To Console" library="BuiltIn">
<arg>${FRUTAS[2]}</arg>
<doc>Logs the given message to the console.</doc>
<status status="PASS" starttime="20210615 22:01:11.291" endtime="20210615 22:01:11.316"/>
</kw>
<status status="PASS" starttime="20210615 22:01:11.204" endtime="20210615 22:01:11.317"/>
</kw>
<status status="PASS" starttime="20210615 22:01:11.202" endtime="20210615 22:01:11.318"/>
</test>
<doc>Meu teste de variáveis</doc>
<status status="PASS" starttime="20210615 22:01:11.126" endtime="20210615 22:01:11.320"/>
</suite>
<statistics>
<total>
<stat pass="3" fail="0" skip="0">All Tests</stat>
</total>
<tag>
</tag>
<suite>
<stat pass="3" fail="0" skip="0" id="s1" name="Teste Variaveis">Teste Variaveis</stat>
</suite>
</statistics>
<errors>
</errors>
</robot>
