<?xml version="1.0" encoding="UTF-8"?>
<robot generator="Robot 4.0.3 (Python 3.9.5 on win32)" generated="20210620 18:59:29.474" rpa="false" schemaversion="2">
<suite id="s1" name="Aula Pratica" source="C:\Projeto\Prime_experts_jun2021\aula_pratica">
<suite id="s1-s1" name="Testes" source="C:\Projeto\Prime_experts_jun2021\aula_pratica\testes.robot">
<test id="s1-s1-t1" name="Search content">
<kw name="Open Youtube">
<kw name="Open Application" library="AppiumLibrary">
<arg>${REMOTE_URL}</arg>
<arg>platformName=${PLATFORM_NAME}</arg>
<arg>platformVersion=${PLATFORM_VERSION}</arg>
<arg>deviceName=${DEVICE_NAME}</arg>
<arg>appPackage=${APP_PACKAGE}</arg>
<arg>appActivity=${APP_ACTIVITY}</arg>
<arg>automationName=${AUTOMATION_NAME}</arg>
<doc>Opens a new application to given Appium server.
Capabilities of appium server, Android and iOS,
Please check https://github.com/appium/appium/blob/master/docs/en/writing-running-appium/server-args.md
| *Option*            | *Man.* | *Description*     |
| remote_url          | Yes    | Appium server url |
| alias               | no     | alias             |</doc>
<status status="PASS" starttime="20210620 18:59:32.153" endtime="20210620 18:59:50.717"/>
</kw>
<kw name="Wait Until Page Contains Element" library="AppiumLibrary">
<arg>${BANNER_ICON}</arg>
<arg>20</arg>
<doc>Waits until element specified with `locator` appears on current page.</doc>
<status status="PASS" starttime="20210620 18:59:50.718" endtime="20210620 18:59:54.551"/>
</kw>
<status status="PASS" starttime="20210620 18:59:32.152" endtime="20210620 18:59:54.551"/>
</kw>
<kw name="Search For">
<arg>adrenaline</arg>
<kw name="Wait Until Page Contains Element" library="AppiumLibrary">
<arg>${BTN_SEARCH}</arg>
<doc>Waits until element specified with `locator` appears on current page.</doc>
<status status="PASS" starttime="20210620 18:59:54.552" endtime="20210620 18:59:54.605"/>
</kw>
<kw name="Click Element" library="AppiumLibrary">
<arg>${BTN_SEARCH}</arg>
<doc>Click element identified by `locator`.</doc>
<msg timestamp="20210620 18:59:54.609" level="INFO">Clicking element 'accessibility_id=Search'.</msg>
<status status="PASS" starttime="20210620 18:59:54.606" endtime="20210620 18:59:54.745"/>
</kw>
<kw name="Wait Until Page Contains Element" library="AppiumLibrary">
<arg>${INPUT_SEARCH}</arg>
<doc>Waits until element specified with `locator` appears on current page.</doc>
<status status="PASS" starttime="20210620 18:59:54.746" endtime="20210620 18:59:55.028"/>
</kw>
<kw name="Input Text" library="AppiumLibrary">
<arg>${INPUT_SEARCH}</arg>
<arg>${content}</arg>
<doc>Types the given `text` into text field identified by `locator`.</doc>
<msg timestamp="20210620 18:59:55.032" level="INFO">Typing text 'adrenaline' into text field 'search_edit_text'</msg>
<status status="PASS" starttime="20210620 18:59:55.028" endtime="20210620 18:59:57.147"/>
</kw>
<kw name="Press Keycode" library="AppiumLibrary">
<arg>66</arg>
<doc>Sends a press of keycode to the device.</doc>
<status status="PASS" starttime="20210620 18:59:57.147" endtime="20210620 18:59:58.408"/>
</kw>
<kw name="Sleep" library="BuiltIn">
<arg>5s</arg>
<doc>Pauses the test executed for the given time.</doc>
<msg timestamp="20210620 19:00:03.408" level="INFO">Slept 5 seconds</msg>
<status status="PASS" starttime="20210620 18:59:58.408" endtime="20210620 19:00:03.409"/>
</kw>
<kw name="Wait Until Page Contains Element" library="AppiumLibrary">
<arg>${CHANNEL_NAME}</arg>
<doc>Waits until element specified with `locator` appears on current page.</doc>
<status status="PASS" starttime="20210620 19:00:03.410" endtime="20210620 19:00:03.464"/>
</kw>
<kw name="Click Element" library="AppiumLibrary">
<arg>${CHANNEL_NAME}</arg>
<doc>Click element identified by `locator`.</doc>
<msg timestamp="20210620 19:00:03.468" level="INFO">Clicking element 'channel_name'.</msg>
<status status="PASS" starttime="20210620 19:00:03.465" endtime="20210620 19:00:05.558"/>
</kw>
<status status="PASS" starttime="20210620 18:59:54.552" endtime="20210620 19:00:05.558"/>
</kw>
<kw name="Select Playlist Menu">
<kw name="Wait Until Page Contains Element" library="AppiumLibrary">
<arg>${PLAYLISTS}</arg>
<doc>Waits until element specified with `locator` appears on current page.</doc>
<status status="PASS" starttime="20210620 19:00:05.560" endtime="20210620 19:00:05.606"/>
</kw>
<kw name="Click Element" library="AppiumLibrary">
<arg>${PLAYLISTS}</arg>
<doc>Click element identified by `locator`.</doc>
<msg timestamp="20210620 19:00:05.609" level="INFO">Clicking element 'accessibility_id=Playlists'.</msg>
<status status="PASS" starttime="20210620 19:00:05.606" endtime="20210620 19:00:06.187"/>
</kw>
<kw name="Wait Until Page Contains Element" library="AppiumLibrary">
<arg>${CHOOSE_E3}</arg>
<doc>Waits until element specified with `locator` appears on current page.</doc>
<msg timestamp="20210620 19:00:11.879" level="INFO">&lt;?xml version='1.0' encoding='UTF-8' standalone='yes' ?&gt;
&lt;hierarchy index="0" class="hierarchy" rotation="0" width="1080" height="2072"&gt;
  &lt;android.widget.FrameLayout index="0" package="com.google.android.youtube" class="android.widget.FrameLayout" text="" checkable="false" checked="false" clickable="false" enabled="true" focusable="false" focused="false" long-clickable="false" password="false" scrollable="false" selected="false" bounds="[0,0][1080,2072]" displayed="true"&gt;
    &lt;android.widget.LinearLayout index="0" package="com.google.android.youtube" class="android.widget.LinearLayout" text="" checkable="false" checked="false" clickable="false" enabled="true" focusable="false" focused="false" long-clickable="false" password="false" scrollable="false" selected="false" bounds="[0,0][1080,2072]" displayed="true"&gt;
      &lt;android.widget.FrameLayout index="0" package="com.google.android.youtube" class="android.widget.FrameLayout" text="" checkable="false" checked="false" clickable="false" enabled="true" focusable="false" focused="false" long-clickable="false" password="false" scrollable="false" selected="false" bounds="[0,0][1080,2072]" displayed="true"&gt;
        &lt;android.widget.LinearLayout index="0" package="com.google.android.youtube" class="android.widget.LinearLayout" text="" resource-id="com.google.android.youtube:id/action_bar_root" checkable="false" checked="false" clickable="false" enabled="true" focusable="false" focused="false" long-clickable="false" password="false" scrollable="false" selected="false" bounds="[0,0][1080,2072]" displayed="true"&gt;
          &lt;android.widget.FrameLayout index="0" package="com.google.android.youtube" class="android.widget.FrameLayout" text="" resource-id="android:id/content" checkable="false" checked="false" clickable="false" enabled="true" focusable="false" focused="false" long-clickable="false" password="false" scrollable="false" selected="false" bounds="[0,0][1080,2072]" displayed="true"&gt;
            &lt;android.widget.FrameLayout index="0" package="com.google.android.youtube" class="android.widget.FrameLayout" text="" resource-id="com.google.android.youtube:id/slim_status_bar_player_container" checkable="false" checked="false" clickable="false" enabled="true" focusable="false" focused="false" long-clickable="false" password="false" scrollable="false" selected="false" bounds="[0,0][1080,2072]" displayed="true"&gt;
              &lt;android.view.ViewGroup index="1" package="com.google.android.youtube" class="android.view.ViewGroup" text="" resource-id="com.google.android.youtube:id/navigation_bar_divider_frame" checkable="false" checked="false" clickable="false" enabled="true" focusable="false" focused="false" long-clickable="false" password="false" scrollable="false" selected="false" bounds="[0,136][1080,2072]" displayed="true"&gt;
                &lt;android.widget.FrameLayout index="0" package="com.google.android.youtube" class="android.widget.FrameLayout" text="" resource-id="com.google.android.youtube:id/global_slim_status_bar_container" checkable="false" checked="false" clickable="false" enabled="true" focusable="false" focused="false" long-clickable="false" password="false" scrollable="false" selected="false" bounds="[0,136][1080,2072]" displayed="true" /&gt;
                &lt;android.widget.FrameLayout index="1" package="com.google.android.youtube" class="android.widget.FrameLayout" text="" resource-id="com.google.android.youtube:id/accessibility_layer_container" checkable="false" checked="false" clickable="false" enabled="true" focusable="false" focused="false" long-clickable="false" password="false" scrollable="false" selected="false" bounds="[0,136][1080,2072]" displayed="true"&gt;
                  &lt;android.view.ViewGroup index="0" package="com.google.android.youtube" class="android.view.ViewGroup" text="" resource-id="com.google.android.youtube:id/next_gen_watch_container_layout" checkable="false" checked="false" clickable="false" enabled="true" focusable="false" focused="false" long-clickable="false" password="false" scrollable="false" selected="false" bounds="[0,136][1080,2072]" displayed="true"&gt;
                    &lt;android.view.ViewGroup index="0" package="com.google.android.youtube" class="android.view.ViewGroup" text="" resource-id="com.google.android.youtube:id/watch_while_layout_coordinator_layout" checkable="false" checked="false" clickable="false" enabled="true" focusable="false" focused="false" long-clickable="false" password="false" scrollable="false" selected="false" bounds="[0,136][1080,2072]" displayed="true"&gt;
                      &lt;android.widget.FrameLayout index="0" package="com.google.android.youtube" class="android.widget.FrameLayout" text="" resource-id="com.google.android.youtube:id/fab_container" checkable="false" checked="false" clickable="false" enabled="true" focusable="false" focused="false" long-clickable="false" password="false" scrollable="false" selected="false" bounds="[0,136][1080,2072]" displayed="true" /&gt;
                      &lt;android.widget.LinearLayout index="1" package="com.google.android.youtube" class="android.widget.LinearLayout" text="" resource-id="com.google.android.youtube:id/appbar_layout" checkable="false" checked="false" clickable="false" enabled="true" focusable="false" focused="false" long-clickable="false" password="false" scrollable="false" selected="false" bounds="[0,136][1080,400]" displayed="true"&gt;
                        &lt;android.widget.FrameLayout index="0" package="com.google.android.youtube" class="android.widget.FrameLayout" text="" resource-id="com.google.android.youtube:id/toolbar_container" checkable="false" checked="false" clickable="false" enabled="true" focusable="false" focused="false" long-clickable="false" password="false" scrollable="false" selected="false" bounds="[0,136][1080,268]" displayed="true"&gt;
                          &lt;android.view.ViewGroup index="0" package="com.google.android.youtube" class="android.view.ViewGroup" text="" resource-id="com.google.android.youtube:id/toolbar" checkable="false" checked="false" clickable="false" enabled="true" focusable="false" focused="false" long-clickable="false" password="false" scrollable="false" selected="false" bounds="[0,136][1080,268]" displayed="true"&gt;
                            &lt;android.widget.ImageButton index="0" package="com.google.android.youtube" class="android.widget.ImageButton" text="" content-desc="Navigate up" checkable="false" checked="false" clickable="true" enabled="true" focusable="true" focused="false" long-clickable="false" password="false" scrollable="false" selected="false" bounds="[0,136][154,268]" displayed="true" /&gt;
                            &lt;android.widget.TextView index="1" package="com.google.android.youtube" class="android.widget.TextView" text="Adrenaline" checkable="false" checked="false" clickable="false" enabled="true" focusable="false" focused="false" long-clickable="false" password="false" scrollable="false" selected="false" bounds="[198,165][465,239]" displayed="true" /&gt;
                            &lt;android.support.v7.widget.LinearLayoutCompat index="2" package="com.google.android.youtube" class="android.support.v7.widget.LinearLayoutCompat" text="" checkable="false" checked="false" clickable="false" enabled="true" focusable="false" focused="false" long-clickable="false" password="false" scrollable="false" selected="false" bounds="[837,136][1080,268]" displayed="true"&gt;
                              &lt;android.widget.ImageView index="0" package="com.google.android.youtube" class="android.widget.ImageView" text="" content-desc="Search" resource-id="com.google.android.youtube:id/menu_item_0" checkable="false" checked="false" clickable="true" enabled="true" focusable="true" focused="false" long-clickable="false" password="false" scrollable="false" selected="false" bounds="[837,136][969,268]" displayed="true" /&gt;
                              &lt;android.widget.ImageView index="1" package="com.google.android.youtube" class="android.widget.ImageView" text="" content-desc="More options" checkable="false" checked="false" clickable="true" enabled="true" focusable="true" focused="false" long-clickable="true" password="false" scrollable="false" selected="false" bounds="[969,136][1080,268]" displayed="true" /&gt;
                            &lt;/android.support.v7.widget.LinearLayoutCompat&gt;
                          &lt;/android.view.ViewGroup&gt;
                        &lt;/android.widget.FrameLayout&gt;
                        &lt;android.view.ViewGroup index="1" package="com.google.android.youtube" class="android.view.ViewGroup" text="" checkable="false" checked="false" clickable="false" enabled="true" focusable="false" focused="false" long-clickable="false" password="false" scrollable="false" selected="false" bounds="[0,268][1080,400]" displayed="true"&gt;
                          &lt;android.widget.HorizontalScrollView index="0" package="com.google.android.youtube" class="android.widget.HorizontalScrollView" text="" resource-id="com.google.android.youtube:id/tabs_bar" checkable="false" checked="false" clickable="false" enabled="true" focusable="true" focused="false" long-clickable="false" password="false" scrollable="true" selected="false" bounds="[0,268][1080,400]" displayed="true"&gt;
                            &lt;android.widget.LinearLayout index="0" package="com.google.android.youtube" class="android.widget.LinearLayout" text="" checkable="false" checked="false" clickable="false" enabled="true" focusable="false" focused="false" long-clickable="false" password="false" scrollable="false" selected="false" bounds="[0,268][1080,400]" displayed="true"&gt;
                              &lt;android.widget.Button index="1" package="com.google.android.youtube" class="android.widget.Button" text="VIDEOS" content-desc="Videos" resource-id="com.google.android.youtube:id/text" checkable="false" checked="false" clickable="true" enabled="true" focusable="true" focused="false" long-clickable="false" password="false" scrollable="false" selected="false" bounds="[0,268][132,400]" displayed="true" /&gt;
                              &lt;android.widget.Button index="2" package="com.google.android.youtube" class="android.widget.Button" text="PLAYLISTS" content-desc="Playlists" resource-id="com.google.android.youtube:id/text" checkable="false" checked="false" clickable="true" enabled="true" focusable="true" focused="false" long-clickable="false" password="false" scrollable="false" selected="true" bounds="[132,268][440,400]" displayed="true" /&gt;
                              &lt;android.widget.Button index="3" package="com.google.android.youtube" class="android.widget.Button" text="COMMUNITY" content-desc="Community" resource-id="com.google.android.youtube:id/text" checkable="false" checked="false" clickable="true" enabled="true" focusable="true" focused="false" long-clickable="false" password="false" scrollable="false" selected="false" bounds="[440,268][782,400]" displayed="true" /&gt;
                              &lt;android.widget.Button index="4" package="com.google.android.youtube" class="android.widget.Button" text="CHANNELS" content-desc="Channels" resource-id="com.google.android.youtube:id/text" checkable="false" checked="false" clickable="true" enabled="true" focusable="true" focused="false" long-clickable="false" password="false" scrollable="false" selected="false" bounds="[782,268][1080,400]" displayed="true" /&gt;
                            &lt;/android.widget.LinearLayout&gt;
                          &lt;/android.widget.HorizontalScrollView&gt;
                        &lt;/android.view.ViewGroup&gt;
                      &lt;/android.widget.LinearLayout&gt;
                      &lt;android.widget.FrameLayout index="2" package="com.google.android.youtube" class="android.widget.FrameLayout" text="" resource-id="com.google.android.youtube:id/pane_fragment_container" checkable="false" checked="false" clickable="false" enabled="true" focusable="false" focused="false" long-clickable="false" password="false" scrollable="false" selected="false" bounds="[0,400][1080,2072]" displayed="true"&gt;
                        &lt;android.widget.FrameLayout index="0" package="com.google.android.youtube" class="android.widget.FrameLayout" text="" resource-id="com.google.android.youtube:id/loading_layout" checkable="false" checked="false" clickable="false" enabled="true" focusable="false" focused="false" long-clickable="false" password="false" scrollable="false" selected="false" bounds="[0,400][1080,2072]" displayed="true"&gt;
                          &lt;androidx.viewpager.widget.ViewPager index="0" package="com.google.android.youtube" class="androidx.viewpager.widget.ViewPager" text="" resource-id="com.google.android.youtube:id/view_pager" checkable="false" checked="false" clickable="false" enabled="true" focusable="true" focused="false" long-clickable="false" password="false" scrollable="true" selected="false" bounds="[0,400][1080,2072]" displayed="true"&gt;
                            &lt;android.view.ViewGroup index="1" package="com.google.android.youtube" class="android.view.ViewGroup" text="" checkable="false" checked="false" clickable="false" enabled="true" focusable="false" focused="false" long-clickable="false" password="false" scrollable="false" selected="false" bounds="[0,400][1080,2072]" displayed="true"&gt;
                              &lt;android.support.v7.widget.RecyclerView index="0" package="com.google.android.youtube" class="android.support.v7.widget.RecyclerView" text="" resource-id="com.google.android.youtube:id/results" checkable="false" checked="false" clickable="false" enabled="true" focusable="true" focused="false" long-clickable="false" password="false" scrollable="true" selected="false" bounds="[0,400][1080,2072]" displayed="true"&gt;
                                &lt;android.widget.FrameLayout index="0" package="com.google.android.youtube" class="android.widget.FrameLayout" text="" resource-id="com.google.android.youtube:id/sort_videos_container" checkable="false" checked="false" clickable="false" enabled="true" focusable="false" focused="false" long-clickable="false" password="false" scrollable="false" selected="false" bounds="[0,422][1080,519]" displayed="true"&gt;
                                  &lt;android.widget.Spinner index="0" package="com.google.android.youtube" class="android.widget.Spinner" text="" resource-id="com.google.android.youtube:id/spinner" checkable="false" checked="false" clickable="true" enabled="true" focusable="true" focused="false" long-clickable="true" password="false" scrollable="true" selected="false" bounds="[33,422][312,519]" displayed="true"&gt;
                                    &lt;android.widget.LinearLayout index="0" package="com.google.android.youtube" class="android.widget.LinearLayout" text="" checkable="false" checked="false" clickable="false" enabled="true" focusable="false" focused="false" long-clickable="false" password="false" scrollable="false" selected="false" bounds="[33,422][312,519]" displayed="true"&gt;
                                      &lt;android.widget.ImageView index="0" package="com.google.android.youtube" class="android.widget.ImageView" text="" resource-id="com.google.android.youtube:id/icon" checkable="false" checked="false" clickable="false" enabled="true" focusable="false" focused="false" long-clickable="false" password="false" scrollable="false" selected="false" bounds="[33,437][99,503]" displayed="true" /&gt;
                                      &lt;android.widget.FrameLayout index="1" package="com.google.android.youtube" class="android.widget.FrameLayout" text="" resource-id="com.google.android.youtube:id/spinner_header_item_container" checkable="false" checked="false" clickable="false" enabled="true" focusable="false" focused="false" long-clickable="false" password="false" scrollable="false" selected="false" bounds="[99,422][243,519]" displayed="true"&gt;
                                        &lt;android.widget.TextView index="0" package="com.google.android.youtube" class="android.widget.TextView" text="Sort by" resource-id="com.google.android.youtube:id/title" checkable="false" checked="false" clickable="false" enabled="true" focusable="false" focused="false" long-clickable="false" password="false" scrollable="false" selected="false" bounds="[99,422][243,519]" displayed="true" /&gt;
                                      &lt;/android.widget.FrameLayout&gt;
                                      &lt;android.widget.ImageView index="2" package="com.google.android.youtube" class="android.widget.ImageView" text="" resource-id="com.google.android.youtube:id/spinner_arrow" checkable="false" checked="false" clickable="false" enabled="true" focusable="false" focused="false" long-clickable="false" password="false" scrollable="false" selected="false" bounds="[246,437][312,503]" displayed="true" /&gt;
                                    &lt;/android.widget.LinearLayout&gt;
                                  &lt;/android.widget.Spinner&gt;
                                &lt;/android.widget.FrameLayout&gt;
                                &lt;android.view.ViewGroup index="1" package="com.google.android.youtube" class="android.view.ViewGroup" text="" checkable="false" checked="false" clickable="false" enabled="true" focusable="true" focused="false" long-clickable="false" password="false" scrollable="false" selected="false" bounds="[0,519][1080,806]" displayed="true"&gt;
                                  &lt;android.view.ViewGroup index="0" package="com.google.android.youtube" class="android.view.ViewGroup" text="" content-desc="E3 2021 - by Adrenaline - 8 videos" checkable="false" checked="false" clickable="true" enabled="true" focusable="true" focused="false" long-clickable="true" password="false" scrollable="false" selected="false" bounds="[0,519][1080,806]" displayed="true"&gt;
                                    &lt;android.widget.ImageView index="0" package="com.google.android.youtube" class="android.widget.ImageView" text="" checkable="false" checked="false" clickable="false" enabled="true" focusable="false" focused="false" long-clickable="false" password="false" scrollable="false" selected="false" bounds="[44,541][484,785]" displayed="true" /&gt;
                                    &lt;android.widget.ImageView index="1" package="com.google.android.youtube" class="android.widget.ImageView" text="" content-desc="Action menu" checkable="false" checked="false" clickable="true" enabled="true" focusable="true" focused="false" long-clickable="false" password="false" scrollable="false" selected="false" bounds="[1011,541][1061,591]" displayed="true" /&gt;
                                    &lt;android.widget.ImageView index="2" package="com.google.android.youtube" class="android.widget.ImageView" text="" checkable="false" checked="false" clickable="false" enabled="true" focusable="false" focused="false" long-clickable="false" password="false" scrollable="false" selected="false" bounds="[354,663][420,729]" displayed="true" /&gt;
                                  &lt;/android.view.ViewGroup&gt;
                                &lt;/android.view.ViewGroup&gt;
                                &lt;android.view.ViewGroup index="2" package="com.google.android.youtube" class="android.view.ViewGroup" text="" checkable="false" checked="false" clickable="false" enabled="true" focusable="true" focused="false" long-clickable="false" password="false" scrollable="false" selected="false" bounds="[0,806][1080,1093]" displayed="true"&gt;
                                  &lt;android.view.ViewGroup index="0" package="com.google.android.youtube" class="android.view.ViewGroup" text="" content-desc="Gabinetes - by Adrenaline - 1 video" checkable="false" checked="false" clickable="true" enabled="true" focusable="true" focused="false" long-clickable="true" password="false" scrollable="false" selected="false" bounds="[0,806][1080,1093]" displayed="true"&gt;
                                    &lt;android.widget.ImageView index="0" package="com.google.android.youtube" class="android.widget.ImageView" text="" checkable="false" checked="false" clickable="false" enabled="true" focusable="false" focused="false" long-clickable="false" password="false" scrollable="false" selected="false" bounds="[44,828][484,1072]" displayed="true" /&gt;
                                    &lt;android.widget.ImageView index="1" package="com.google.android.youtube" class="android.widget.ImageView" text="" content-desc="Action menu" checkable="false" checked="false" clickable="true" enabled="true" focusable="true" focused="false" long-clickable="false" password="false" scrollable="false" selected="false" bounds="[1011,828][1061,878]" displayed="true" /&gt;
                                    &lt;android.widget.ImageView index="2" package="com.google.android.youtube" class="android.widget.ImageView" text="" checkable="false" checked="false" clickable="false" enabled="true" focusable="false" focused="false" long-clickable="false" password="false" scrollable="false" selected="false" bounds="[354,950][420,1016]" displayed="true" /&gt;
                                  &lt;/android.view.ViewGroup&gt;
                                &lt;/android.view.ViewGroup&gt;
                                &lt;android.view.ViewGroup index="3" package="com.google.android.youtube" class="android.view.ViewGroup" text="" checkable="false" checked="false" clickable="false" enabled="true" focusable="true" focused="false" long-clickable="false" password="false" scrollable="false" selected="false" bounds="[0,1093][1080,1380]" displayed="true"&gt;
                                  &lt;android.view.ViewGroup index="0" package="com.google.android.youtube" class="android.view.ViewGroup" text="" content-desc="AdrenaClipes - by Adrenaline - 3 videos" checkable="false" checked="false" clickable="true" enabled="true" focusable="true" focused="false" long-clickable="true" password="false" scrollable="false" selected="false" bounds="[0,1093][1080,1380]" displayed="true"&gt;
                                    &lt;android.widget.ImageView index="0" package="com.google.android.youtube" class="android.widget.ImageView" text="" checkable="false" checked="false" clickable="false" enabled="true" focusable="false" focused="false" long-clickable="false" password="false" scrollable="false" selected="false" bounds="[44,1115][484,1359]" displayed="true" /&gt;
                                    &lt;android.widget.ImageView index="1" package="com.google.android.youtube" class="android.widget.ImageView" text="" content-desc="Action menu" checkable="false" checked="false" clickable="true" enabled="true" focusable="true" focused="false" long-clickable="false" password="false" scrollable="false" selected="false" bounds="[1011,1115][1061,1165]" displayed="true" /&gt;
                                    &lt;android.widget.ImageView index="2" package="com.google.android.youtube" class="android.widget.ImageView" text="" checkable="false" checked="false" clickable="false" enabled="true" focusable="false" focused="false" long-clickable="false" password="false" scrollable="false" selected="false" bounds="[354,1237][420,1303]" displayed="true" /&gt;
                                  &lt;/android.view.ViewGroup&gt;
                                &lt;/android.view.ViewGroup&gt;
                                &lt;android.view.ViewGroup index="4" package="com.google.android.youtube" class="android.view.ViewGroup" text="" checkable="false" checked="false" clickable="false" enabled="true" focusable="true" focused="false" long-clickable="false" password="false" scrollable="false" selected="false" bounds="[0,1380][1080,1667]" displayed="true"&gt;
                                  &lt;android.view.ViewGroup index="0" package="com.google.android.youtube" class="android.view.ViewGroup" text="" content-desc="11ª geração Intel Core - by Adrenaline - 5 videos" checkable="false" checked="false" clickable="true" enabled="true" focusable="true" focused="false" long-clickable="true" password="false" scrollable="false" selected="false" bounds="[0,1380][1080,1667]" displayed="true"&gt;
                                    &lt;android.widget.ImageView index="0" package="com.google.android.youtube" class="android.widget.ImageView" text="" checkable="false" checked="false" clickable="false" enabled="true" focusable="false" focused="false" long-clickable="false" password="false" scrollable="false" selected="false" bounds="[44,1402][484,1646]" displayed="true" /&gt;
                                    &lt;android.widget.ImageView index="1" package="com.google.android.youtube" class="android.widget.ImageView" text="" content-desc="Action menu" checkable="false" checked="false" clickable="true" enabled="true" focusable="true" focused="false" long-clickable="false" password="false" scrollable="false" selected="false" bounds="[1011,1402][1061,1452]" displayed="true" /&gt;
                                    &lt;android.widget.ImageView index="2" package="com.google.android.youtube" class="android.widget.ImageView" text="" checkable="false" checked="false" clickable="false" enabled="true" focusable="false" focused="false" long-clickable="false" password="false" scrollable="false" selected="false" bounds="[354,1524][420,1590]" displayed="true" /&gt;
                                  &lt;/android.view.ViewGroup&gt;
                                &lt;/android.view.ViewGroup&gt;
                                &lt;android.view.ViewGroup index="5" package="com.google.android.youtube" class="android.view.ViewGroup" text="" checkable="false" checked="false" clickable="false" enabled="true" focusable="true" focused="false" long-clickable="false" password="false" scrollable="false" selected="false" bounds="[0,1667][1080,1954]" displayed="true"&gt;
                                  &lt;android.view.ViewGroup index="0" package="com.google.android.youtube" class="android.view.ViewGroup" text="" content-desc="Partidas com a galera - by Adrenaline - 14 videos" checkable="false" checked="false" clickable="true" enabled="true" focusable="true" focused="false" long-clickable="true" password="false" scrollable="false" selected="false" bounds="[0,1667][1080,1954]" displayed="true"&gt;
                                    &lt;android.widget.ImageView index="0" package="com.google.android.youtube" class="android.widget.ImageView" text="" checkable="false" checked="false" clickable="false" enabled="true" focusable="false" focused="false" long-clickable="false" password="false" scrollable="false" selected="false" bounds="[44,1689][484,1933]" displayed="true" /&gt;
                                    &lt;android.widget.ImageView index="1" package="com.google.android.youtube" class="android.widget.ImageView" text="" content-desc="Action menu" checkable="false" checked="false" clickable="true" enabled="true" focusable="true" focused="false" long-clickable="false" password="false" scrollable="false" selected="false" bounds="[1011,1689][1061,1739]" displayed="true" /&gt;
                                    &lt;android.widget.ImageView index="2" package="com.google.android.youtube" class="android.widget.ImageView" text="" checkable="false" checked="false" clickable="false" enabled="true" focusable="false" focused="false" long-clickable="false" password="false" scrollable="false" selected="false" bounds="[354,1811][420,1877]" displayed="true" /&gt;
                                  &lt;/android.view.ViewGroup&gt;
                                &lt;/android.view.ViewGroup&gt;
                                &lt;android.view.ViewGroup index="6" package="com.google.android.youtube" class="android.view.ViewGroup" text="" checkable="false" checked="false" clickable="false" enabled="true" focusable="true" focused="false" long-clickable="false" password="false" scrollable="false" selected="false" bounds="[0,1954][1080,2072]" displayed="true"&gt;
                                  &lt;android.view.ViewGroup index="0" package="com.google.android.youtube" class="android.view.ViewGroup" text="" content-desc="Videocast Adrenaline 2021 - by Adrenaline - 11 videos" checkable="false" checked="false" clickable="true" enabled="true" focusable="true" focused="false" long-clickable="true" password="false" scrollable="false" selected="false" bounds="[0,1954][1080,2072]" displayed="true"&gt;
                                    &lt;android.widget.ImageView index="0" package="com.google.android.youtube" class="android.widget.ImageView" text="" checkable="false" checked="false" clickable="false" enabled="true" focusable="false" focused="false" long-clickable="false" password="false" scrollable="false" selected="false" bounds="[44,1976][484,2072]" displayed="true" /&gt;
                                    &lt;android.widget.ImageView index="1" package="com.google.android.youtube" class="android.widget.ImageView" text="" content-desc="Action menu" checkable="false" checked="false" clickable="true" enabled="true" focusable="true" focused="false" long-clickable="false" password="false" scrollable="false" selected="false" bounds="[1011,1976][1061,2026]" displayed="true" /&gt;
                                    &lt;android.widget.ImageView index="2" package="com.google.android.youtube" class="android.widget.ImageView" text="" checkable="false" checked="false" clickable="false" enabled="true" focusable="false" focused="false" long-clickable="false" password="false" scrollable="false" selected="false" bounds="[354,2098][420,2164]" displayed="true" /&gt;
                                  &lt;/android.view.ViewGroup&gt;
                                &lt;/android.view.ViewGroup&gt;
                              &lt;/android.support.v7.widget.RecyclerView&gt;
                            &lt;/android.view.ViewGroup&gt;
                          &lt;/androidx.viewpager.widget.ViewPager&gt;
                        &lt;/android.widget.FrameLayout&gt;
                      &lt;/android.widget.FrameLayout&gt;
                    &lt;/android.view.ViewGroup&gt;
                  &lt;/android.view.ViewGroup&gt;
                  &lt;android.widget.LinearLayout index="1" package="com.google.android.youtube" class="android.widget.LinearLayout" text="" resource-id="com.google.android.youtube:id/bottom_bar_container" checkable="false" checked="false" clickable="false" enabled="true" focusable="false" focused="false" long-clickable="false" password="false" scrollable="false" selected="false" bounds="[0,2073][1080,2205]" displayed="true"&gt;
                    &lt;android.widget.HorizontalScrollView index="0" package="com.google.android.youtube" class="android.widget.HorizontalScrollView" text="" resource-id="com.google.android.youtube:id/pivot_bar" checkable="false" checked="false" clickable="false" enabled="true" focusable="true" focused="false" long-clickable="false" password="false" scrollable="false" selected="false" bounds="[0,2073][1080,2205]" displayed="true"&gt;
                      &lt;android.widget.LinearLayout index="0" package="com.google.android.youtube" class="android.widget.LinearLayout" text="" checkable="false" checked="false" clickable="false" enabled="true" focusable="false" focused="false" long-clickable="false" password="false" scrollable="false" selected="false" bounds="[0,2073][1080,2205]" displayed="true"&gt;
                        &lt;android.widget.Button index="0" package="com.google.android.youtube" class="android.widget.Button" text="" content-desc="Home" checkable="false" checked="false" clickable="true" enabled="true" focusable="true" focused="false" long-clickable="false" password="false" scrollable="false" selected="true" bounds="[0,2073][216,2205]" displayed="true"&gt;
                          &lt;android.widget.ImageView index="0" package="com.google.android.youtube" class="android.widget.ImageView" text="" resource-id="com.google.android.youtube:id/image" checkable="false" checked="false" clickable="false" enabled="true" focusable="false" focused="false" long-clickable="false" password="false" scrollable="false" selected="true" bounds="[75,2087][141,2153]" displayed="true" /&gt;
                          &lt;android.widget.TextView index="1" package="com.google.android.youtube" class="android.widget.TextView" text="Home" resource-id="com.google.android.youtube:id/text" checkable="false" checked="false" clickable="false" enabled="true" focusable="false" focused="false" long-clickable="false" password="false" scrollable="false" selected="true" bounds="[67,2159][149,2192]" displayed="true" /&gt;
                        &lt;/android.widget.Button&gt;
                        &lt;android.widget.Button index="1" package="com.google.android.youtube" class="android.widget.Button" text="" content-desc="Explore" checkable="false" checked="false" clickable="true" enabled="true" focusable="true" focused="false" long-clickable="false" password="false" scrollable="false" selected="false" bounds="[216,2073][432,2205]" displayed="true"&gt;
                          &lt;android.widget.ImageView index="0" package="com.google.android.youtube" class="android.widget.ImageView" text="" resource-id="com.google.android.youtube:id/image" checkable="false" checked="false" clickable="false" enabled="true" focusable="false" focused="false" long-clickable="false" password="false" scrollable="false" selected="false" bounds="[291,2087][357,2153]" displayed="true" /&gt;
                          &lt;android.widget.TextView index="1" package="com.google.android.youtube" class="android.widget.TextView" text="Explore" resource-id="com.google.android.youtube:id/text" checkable="false" checked="false" clickable="false" enabled="true" focusable="false" focused="false" long-clickable="false" password="false" scrollable="false" selected="false" bounds="[275,2159][374,2192]" displayed="true" /&gt;
                        &lt;/android.widget.Button&gt;
                        &lt;android.widget.Button index="2" package="com.google.android.youtube" class="android.widget.Button" text="" content-desc="Subscriptions" checkable="false" checked="false" clickable="true" enabled="true" focusable="true" focused="false" long-clickable="false" password="false" scrollable="false" selected="false" bounds="[432,2073][648,2205]" displayed="true"&gt;
                          &lt;android.widget.ImageView index="0" package="com.google.android.youtube" class="android.widget.ImageView" text="" resource-id="com.google.android.youtube:id/image" checkable="false" checked="false" clickable="false" enabled="true" focusable="false" focused="false" long-clickable="false" password="false" scrollable="false" selected="false" bounds="[507,2087][573,2153]" displayed="true" /&gt;
                          &lt;android.widget.TextView index="1" package="com.google.android.youtube" class="android.widget.TextView" text="Subscriptions" resource-id="com.google.android.youtube:id/text" checkable="false" checked="false" clickable="false" enabled="true" focusable="false" focused="false" long-clickable="false" password="false" scrollable="false" selected="false" bounds="[452,2159][628,2192]" displayed="true" /&gt;
                        &lt;/android.widget.Button&gt;
                        &lt;android.widget.Button index="3" package="com.google.android.youtube" class="android.widget.Button" text="" content-desc="Notifications" checkable="false" checked="false" clickable="true" enabled="true" focusable="true" focused="false" long-clickable="false" password="false" scrollable="false" selected="false" bounds="[648,2073][864,2205]" displayed="true"&gt;
                          &lt;android.widget.ImageView index="0" package="com.google.android.youtube" class="android.widget.ImageView" text="" resource-id="com.google.android.youtube:id/image" checkable="false" checked="false" clickable="false" enabled="true" focusable="false" focused="false" long-clickable="false" password="false" scrollable="false" selected="false" bounds="[723,2087][789,2153]" displayed="true" /&gt;
                          &lt;android.widget.TextView index="1" package="com.google.android.youtube" class="android.widget.TextView" text="Notifications" resource-id="com.google.android.youtube:id/text" checkable="false" checked="false" clickable="false" enabled="true" focusable="false" focused="false" long-clickable="false" password="false" scrollable="false" selected="false" bounds="[674,2159][839,2192]" displayed="true" /&gt;
                        &lt;/android.widget.Button&gt;
                        &lt;android.widget.Button index="4" package="com.google.android.youtube" class="android.widget.Button" text="" content-desc="Library" checkable="false" checked="false" clickable="true" enabled="true" focusable="true" focused="false" long-clickable="false" password="false" scrollable="false" selected="false" bounds="[864,2073][1080,2205]" displayed="true"&gt;
                          &lt;android.widget.ImageView index="0" package="com.google.android.youtube" class="android.widget.ImageView" text="" resource-id="com.google.android.youtube:id/image" checkable="false" checked="false" clickable="false" enabled="true" focusable="false" focused="false" long-clickable="false" password="false" scrollable="false" selected="false" bounds="[939,2087][1005,2153]" displayed="true" /&gt;
                          &lt;android.widget.TextView index="1" package="com.google.android.youtube" class="android.widget.TextView" text="Library" resource-id="com.google.android.youtube:id/text" checkable="false" checked="false" clickable="false" enabled="true" focusable="false" focused="false" long-clickable="false" password="false" scrollable="false" selected="false" bounds="[927,2159][1017,2192]" displayed="true" /&gt;
                        &lt;/android.widget.Button&gt;
                      &lt;/android.widget.LinearLayout&gt;
                    &lt;/android.widget.HorizontalScrollView&gt;
                  &lt;/android.widget.LinearLayout&gt;
                &lt;/android.widget.FrameLayout&gt;
              &lt;/android.view.ViewGroup&gt;
            &lt;/android.widget.FrameLayout&gt;
          &lt;/android.widget.FrameLayout&gt;
        &lt;/android.widget.LinearLayout&gt;
      &lt;/android.widget.FrameLayout&gt;
    &lt;/android.widget.LinearLayout&gt;
  &lt;/android.widget.FrameLayout&gt;
&lt;/hierarchy&gt;</msg>
<kw name="Capture Page Screenshot" library="AppiumLibrary">
<doc>Takes a screenshot of the current page and embeds it into the log.</doc>
<msg timestamp="20210620 19:00:12.871" level="INFO" html="true">&lt;/td&gt;&lt;/tr&gt;&lt;tr&gt;&lt;td colspan="3"&gt;&lt;a href="appium-screenshot-1.png"&gt;&lt;img src="appium-screenshot-1.png" width="800px"&gt;&lt;/a&gt;</msg>
<status status="PASS" starttime="20210620 19:00:11.880" endtime="20210620 19:00:12.871"/>
</kw>
<msg timestamp="20210620 19:00:12.873" level="FAIL">Element '//android.widget.TextView[@text='E3 2021']' did not appear in 5 seconds</msg>
<status status="FAIL" starttime="20210620 19:00:06.188" endtime="20210620 19:00:12.873"/>
</kw>
<kw name="Click Element" library="AppiumLibrary">
<arg>${CHOOSE_E3}</arg>
<doc>Click element identified by `locator`.</doc>
<status status="NOT RUN" starttime="20210620 19:00:12.873" endtime="20210620 19:00:12.873"/>
</kw>
<status status="FAIL" starttime="20210620 19:00:05.559" endtime="20210620 19:00:12.874"/>
</kw>
<kw name="Navigate Menus">
<status status="NOT RUN" starttime="20210620 19:00:12.874" endtime="20210620 19:00:12.874"/>
</kw>
<status status="FAIL" starttime="20210620 18:59:32.151" endtime="20210620 19:00:12.875">Element '//android.widget.TextView[@text='E3 2021']' did not appear in 5 seconds</status>
</test>
<doc>automatizando app do youtube (PrimeExperts)</doc>
<status status="FAIL" starttime="20210620 18:59:29.753" endtime="20210620 19:00:12.877"/>
</suite>
<status status="FAIL" starttime="20210620 18:59:29.493" endtime="20210620 19:00:12.880"/>
</suite>
<statistics>
<total>
<stat pass="0" fail="1" skip="0">All Tests</stat>
</total>
<tag>
</tag>
<suite>
<stat pass="0" fail="1" skip="0" id="s1" name="Aula Pratica">Aula Pratica</stat>
<stat pass="0" fail="1" skip="0" id="s1-s1" name="Testes">Aula Pratica.Testes</stat>
</suite>
</statistics>
<errors>
</errors>
</robot>
