<?xml version="1.0" encoding="UTF-8"?>
<robot generator="Robot 4.0.3 (Python 3.9.5 on win32)" generated="20210615 21:58:31.640" rpa="false" schemaversion="2">
<suite id="s1" name="Argumentos Retornos" source="C:\Projeto\Prime\Prime_experts_jun2021\arguentos_retornos\argumentos_retornos.robot">
<test id="s1-t1" name="Teste de somar dois números">
<kw name="Somar dois números">
<var>${RESULTADO_SOMA}</var>
<arg>1</arg>
<arg>2</arg>
<kw name="Log To Console" library="BuiltIn">
<arg>${\n}Estou somando os números: ${NUM_A}+${NUM_B}</arg>
<doc>Logs the given message to the console.</doc>
<status status="PASS" starttime="20210615 21:58:31.680" endtime="20210615 21:58:31.682"/>
</kw>
<kw name="Evaluate" library="BuiltIn">
<var>${RESULTADO}</var>
<arg>${NUM_A}+${NUM_B}</arg>
<doc>Evaluates the given expression in Python and returns the result.</doc>
<msg timestamp="20210615 21:58:31.683" level="INFO">${RESULTADO} = 3</msg>
<status status="PASS" starttime="20210615 21:58:31.683" endtime="20210615 21:58:31.683"/>
</kw>
<kw name="Log To Console" library="BuiltIn">
<arg>O resultado é: ${RESULTADO}</arg>
<doc>Logs the given message to the console.</doc>
<status status="PASS" starttime="20210615 21:58:31.684" endtime="20210615 21:58:31.684"/>
</kw>
<msg timestamp="20210615 21:58:31.685" level="INFO">${RESULTADO_SOMA} = 3</msg>
<status status="PASS" starttime="20210615 21:58:31.677" endtime="20210615 21:58:31.685"/>
</kw>
<kw name="Log To Console" library="BuiltIn">
<arg>O resultado da soma é: ${RESULTADO_SOMA}</arg>
<doc>Logs the given message to the console.</doc>
<status status="PASS" starttime="20210615 21:58:31.685" endtime="20210615 21:58:31.686"/>
</kw>
<kw name="Somar dois números">
<var>${RESULTADO_SOMA}</var>
<arg>3</arg>
<arg>4</arg>
<kw name="Log To Console" library="BuiltIn">
<arg>${\n}Estou somando os números: ${NUM_A}+${NUM_B}</arg>
<doc>Logs the given message to the console.</doc>
<status status="PASS" starttime="20210615 21:58:31.687" endtime="20210615 21:58:31.690"/>
</kw>
<kw name="Evaluate" library="BuiltIn">
<var>${RESULTADO}</var>
<arg>${NUM_A}+${NUM_B}</arg>
<doc>Evaluates the given expression in Python and returns the result.</doc>
<msg timestamp="20210615 21:58:31.691" level="INFO">${RESULTADO} = 7</msg>
<status status="PASS" starttime="20210615 21:58:31.691" endtime="20210615 21:58:31.691"/>
</kw>
<kw name="Log To Console" library="BuiltIn">
<arg>O resultado é: ${RESULTADO}</arg>
<doc>Logs the given message to the console.</doc>
<status status="PASS" starttime="20210615 21:58:31.693" endtime="20210615 21:58:31.704"/>
</kw>
<msg timestamp="20210615 21:58:31.705" level="INFO">${RESULTADO_SOMA} = 7</msg>
<status status="PASS" starttime="20210615 21:58:31.687" endtime="20210615 21:58:31.705"/>
</kw>
<kw name="Log To Console" library="BuiltIn">
<arg>O resultado da soma é: ${RESULTADO_SOMA}</arg>
<doc>Logs the given message to the console.</doc>
<status status="PASS" starttime="20210615 21:58:31.705" endtime="20210615 21:58:31.707"/>
</kw>
<status status="PASS" starttime="20210615 21:58:31.675" endtime="20210615 21:58:31.708"/>
</test>
<test id="s1-t2" name="Teste de somar dois números embutidos">
<kw name="Somar os números &quot;3&quot; e &quot;6&quot;" sourcename="Somar os números &quot;${NUM_A}&quot; e &quot;${NUM_B}&quot;">
<var>${RESULTADO_SOMA}</var>
<kw name="Log To Console" library="BuiltIn">
<arg>${\n}Estou somando os números embutidos: ${NUM_A}+${NUM_B}</arg>
<doc>Logs the given message to the console.</doc>
<status status="PASS" starttime="20210615 21:58:31.715" endtime="20210615 21:58:31.716"/>
</kw>
<kw name="Evaluate" library="BuiltIn">
<var>${RESULTADO}</var>
<arg>${NUM_A}+${NUM_B}</arg>
<doc>Evaluates the given expression in Python and returns the result.</doc>
<msg timestamp="20210615 21:58:31.717" level="INFO">${RESULTADO} = 9</msg>
<status status="PASS" starttime="20210615 21:58:31.716" endtime="20210615 21:58:31.717"/>
</kw>
<msg timestamp="20210615 21:58:31.717" level="INFO">${RESULTADO_SOMA} = 9</msg>
<status status="PASS" starttime="20210615 21:58:31.715" endtime="20210615 21:58:31.717"/>
</kw>
<kw name="Log To Console" library="BuiltIn">
<arg>O resultado da soma embutida é: ${RESULTADO_SOMA}</arg>
<doc>Logs the given message to the console.</doc>
<status status="PASS" starttime="20210615 21:58:31.718" endtime="20210615 21:58:31.719"/>
</kw>
<kw name="Somar os números &quot;55&quot; e &quot;45&quot;" sourcename="Somar os números &quot;${NUM_A}&quot; e &quot;${NUM_B}&quot;">
<var>${RESULTADO_SOMA}</var>
<kw name="Log To Console" library="BuiltIn">
<arg>${\n}Estou somando os números embutidos: ${NUM_A}+${NUM_B}</arg>
<doc>Logs the given message to the console.</doc>
<status status="PASS" starttime="20210615 21:58:31.720" endtime="20210615 21:58:31.721"/>
</kw>
<kw name="Evaluate" library="BuiltIn">
<var>${RESULTADO}</var>
<arg>${NUM_A}+${NUM_B}</arg>
<doc>Evaluates the given expression in Python and returns the result.</doc>
<msg timestamp="20210615 21:58:31.722" level="INFO">${RESULTADO} = 100</msg>
<status status="PASS" starttime="20210615 21:58:31.722" endtime="20210615 21:58:31.722"/>
</kw>
<msg timestamp="20210615 21:58:31.723" level="INFO">${RESULTADO_SOMA} = 100</msg>
<status status="PASS" starttime="20210615 21:58:31.720" endtime="20210615 21:58:31.723"/>
</kw>
<kw name="Log To Console" library="BuiltIn">
<arg>O resultado da soma embutida é: ${RESULTADO_SOMA}</arg>
<doc>Logs the given message to the console.</doc>
<status status="PASS" starttime="20210615 21:58:31.723" endtime="20210615 21:58:31.724"/>
</kw>
<status status="PASS" starttime="20210615 21:58:31.714" endtime="20210615 21:58:31.724"/>
</test>
<doc>Testes para criar KWs que recebem argumentos e retornam um resultado</doc>
<status status="PASS" starttime="20210615 21:58:31.643" endtime="20210615 21:58:31.730"/>
</suite>
<statistics>
<total>
<stat pass="2" fail="0" skip="0">All Tests</stat>
</total>
<tag>
</tag>
<suite>
<stat pass="2" fail="0" skip="0" id="s1" name="Argumentos Retornos">Argumentos Retornos</stat>
</suite>
</statistics>
<errors>
</errors>
</robot>
