<?xml version="1.0" encoding="UTF-8"?>
<robot generator="Robot 4.0.3 (Python 3.9.5 on win32)" generated="20210620 16:44:37.203" rpa="false" schemaversion="2">
<suite id="s1" name="Web Testing" source="C:\Projeto\Prime_experts_jun2021\web_testing">
<suite id="s1-s1" name="suiteWebTesting" source="C:\Projeto\Prime_experts_jun2021\web_testing\suiteWebTesting.robot">
<kw name="Abrir o navegador" library="resourceWebTesting" type="SETUP">
<kw name="Open Browser" library="SeleniumLibrary">
<arg>browser=chrome</arg>
<doc>Opens a new browser instance to the optional ``url``.</doc>
<msg timestamp="20210620 16:44:37.711" level="INFO">Opening browser 'chrome' to base url 'None'.</msg>
<status status="PASS" starttime="20210620 16:44:37.710" endtime="20210620 16:44:40.189"/>
</kw>
<status status="PASS" starttime="20210620 16:44:37.709" endtime="20210620 16:44:40.190"/>
</kw>
<test id="s1-s1-t1" name="Caso de Teste 01: Pesquisar produto existente e adicioná-lo no carrinho">
<kw name="Acessar a página home do site Automation Practice" library="resourceWebTesting">
<kw name="Go To" library="SeleniumLibrary">
<arg>${URL}</arg>
<doc>Navigates the current browser window to the provided ``url``.</doc>
<msg timestamp="20210620 16:44:40.195" level="INFO">Opening url 'http://automationpractice.com/index.php'</msg>
<status status="PASS" starttime="20210620 16:44:40.194" endtime="20210620 16:44:46.709"/>
</kw>
<kw name="Wait Until Element Is Visible" library="SeleniumLibrary">
<arg>xpath=//img[contains(@class,'logo img-responsive')]</arg>
<doc>Waits until the element ``locator`` is visible.</doc>
<status status="PASS" starttime="20210620 16:44:46.709" endtime="20210620 16:44:46.796"/>
</kw>
<status status="PASS" starttime="20210620 16:44:40.193" endtime="20210620 16:44:46.797"/>
</kw>
<kw name="Digitar o nome do produto &quot;Blouse&quot; no campo de pesquisa" library="resourceWebTesting" sourcename="Digitar o nome do produto &quot;${PRODUTO}&quot; no campo de pesquisa">
<kw name="Input Text" library="SeleniumLibrary">
<arg>xpath=//input[@class='search_query form-control ac_input'][contains(@id,'top')]</arg>
<arg>${PRODUTO}</arg>
<doc>Types the given ``text`` into the text field identified by ``locator``.</doc>
<msg timestamp="20210620 16:44:46.799" level="INFO">Typing text 'Blouse' into text field 'xpath=//input[@class='search_query form-control ac_input'][contains(@id,'top')]'.</msg>
<status status="PASS" starttime="20210620 16:44:46.799" endtime="20210620 16:44:47.293"/>
</kw>
<status status="PASS" starttime="20210620 16:44:46.798" endtime="20210620 16:44:47.294"/>
</kw>
<kw name="Clicar no botão pesquisar" library="resourceWebTesting">
<kw name="Click Button" library="SeleniumLibrary">
<arg>name=submit_search</arg>
<doc>Clicks the button identified by ``locator``.</doc>
<msg timestamp="20210620 16:44:47.297" level="INFO">Clicking button 'name=submit_search'.</msg>
<status status="PASS" starttime="20210620 16:44:47.296" endtime="20210620 16:44:49.181"/>
</kw>
<status status="PASS" starttime="20210620 16:44:47.295" endtime="20210620 16:44:49.182"/>
</kw>
<kw name="Conferir se o produto &quot;Blouse&quot; foi listado no site" library="resourceWebTesting" sourcename="Conferir se o produto &quot;${PRODUTO}&quot; foi listado no site">
<kw name="Wait Until Element Is Visible" library="SeleniumLibrary">
<arg>xpath=//img[contains(@alt,'${PRODUTO}')]</arg>
<doc>Waits until the element ``locator`` is visible.</doc>
<status status="PASS" starttime="20210620 16:44:49.185" endtime="20210620 16:44:49.259"/>
</kw>
<status status="PASS" starttime="20210620 16:44:49.183" endtime="20210620 16:44:49.259"/>
</kw>
<kw name="Adicionar o produto &quot;Blouse&quot; no carrinho" library="resourceWebTesting" sourcename="Adicionar o produto &quot;${PRODUTO}&quot; no carrinho">
<kw name="Mouse Over" library="SeleniumLibrary">
<arg>xpath=(//a[@class='product-name'][contains(.,'${PRODUTO}')])[2]</arg>
<doc>Simulates hovering the mouse over the element ``locator``.</doc>
<msg timestamp="20210620 16:44:49.262" level="INFO">Simulating Mouse Over on element 'xpath=(//a[@class='product-name'][contains(.,'Blouse')])[2]'.</msg>
<status status="PASS" starttime="20210620 16:44:49.261" endtime="20210620 16:44:49.628"/>
</kw>
<kw name="Click Element" library="SeleniumLibrary">
<arg>xpath=//span[contains(.,'Add to cart')]</arg>
<doc>Click the element identified by ``locator``.</doc>
<msg timestamp="20210620 16:44:49.629" level="INFO">Clicking element 'xpath=//span[contains(.,'Add to cart')]'.</msg>
<status status="PASS" starttime="20210620 16:44:49.628" endtime="20210620 16:44:49.807"/>
</kw>
<kw name="Wait Until Element Is Visible" library="SeleniumLibrary">
<arg>xpath=//span[contains(.,'Proceed to checkout')]</arg>
<doc>Waits until the element ``locator`` is visible.</doc>
<status status="PASS" starttime="20210620 16:44:49.808" endtime="20210620 16:44:50.823"/>
</kw>
<kw name="Click Element" library="SeleniumLibrary">
<arg>xpath=//span[contains(.,'Proceed to checkout')]</arg>
<doc>Click the element identified by ``locator``.</doc>
<msg timestamp="20210620 16:44:50.824" level="INFO">Clicking element 'xpath=//span[contains(.,'Proceed to checkout')]'.</msg>
<status status="PASS" starttime="20210620 16:44:50.824" endtime="20210620 16:44:53.280"/>
</kw>
<status status="PASS" starttime="20210620 16:44:49.260" endtime="20210620 16:44:53.281"/>
</kw>
<kw name="Conferir se o produto &quot;Blouse&quot; foi adicionado no carrinho" library="resourceWebTesting" sourcename="Conferir se o produto &quot;${PRODUTO}&quot; foi adicionado no carrinho">
<kw name="Wait Until Element Is Visible" library="SeleniumLibrary">
<arg>xpath=(//a[contains(.,'${PRODUTO}')])[4]</arg>
<doc>Waits until the element ``locator`` is visible.</doc>
<status status="PASS" starttime="20210620 16:44:53.283" endtime="20210620 16:44:53.400"/>
</kw>
<status status="PASS" starttime="20210620 16:44:53.282" endtime="20210620 16:44:53.400"/>
</kw>
<status status="PASS" starttime="20210620 16:44:40.190" endtime="20210620 16:44:53.401"/>
</test>
<test id="s1-s1-t2" name=" Caso de Teste 02: Pesquisar produto existente">
<kw name="Acessar a página home do site Automation Practice" library="resourceWebTesting">
<kw name="Go To" library="SeleniumLibrary">
<arg>${URL}</arg>
<doc>Navigates the current browser window to the provided ``url``.</doc>
<msg timestamp="20210620 16:44:53.410" level="INFO">Opening url 'http://automationpractice.com/index.php'</msg>
<status status="PASS" starttime="20210620 16:44:53.409" endtime="20210620 16:44:55.702"/>
</kw>
<kw name="Wait Until Element Is Visible" library="SeleniumLibrary">
<arg>xpath=//img[contains(@class,'logo img-responsive')]</arg>
<doc>Waits until the element ``locator`` is visible.</doc>
<status status="PASS" starttime="20210620 16:44:55.702" endtime="20210620 16:44:55.786"/>
</kw>
<status status="PASS" starttime="20210620 16:44:53.408" endtime="20210620 16:44:55.786"/>
</kw>
<kw name="Digitar o nome do produto &quot;XUXU&quot; no campo de pesquisa" library="resourceWebTesting" sourcename="Digitar o nome do produto &quot;${PRODUTO}&quot; no campo de pesquisa">
<kw name="Input Text" library="SeleniumLibrary">
<arg>xpath=//input[@class='search_query form-control ac_input'][contains(@id,'top')]</arg>
<arg>${PRODUTO}</arg>
<doc>Types the given ``text`` into the text field identified by ``locator``.</doc>
<msg timestamp="20210620 16:44:55.791" level="INFO">Typing text 'XUXU' into text field 'xpath=//input[@class='search_query form-control ac_input'][contains(@id,'top')]'.</msg>
<status status="PASS" starttime="20210620 16:44:55.789" endtime="20210620 16:44:56.163"/>
</kw>
<status status="PASS" starttime="20210620 16:44:55.787" endtime="20210620 16:44:56.163"/>
</kw>
<kw name="Clicar no botão pesquisar" library="resourceWebTesting">
<kw name="Click Button" library="SeleniumLibrary">
<arg>name=submit_search</arg>
<doc>Clicks the button identified by ``locator``.</doc>
<msg timestamp="20210620 16:44:56.169" level="INFO">Clicking button 'name=submit_search'.</msg>
<status status="PASS" starttime="20210620 16:44:56.168" endtime="20210620 16:44:57.792"/>
</kw>
<status status="PASS" starttime="20210620 16:44:56.167" endtime="20210620 16:44:57.792"/>
</kw>
<kw name="Conferir mensagem &quot;No results were found for your search &quot;XUXU&quot;&quot;" library="resourceWebTesting" sourcename="Conferir mensagem &quot;${MENSAGEM}&quot;">
<kw name="Wait Until Element Is Visible" library="SeleniumLibrary">
<arg>//p[@class='alert alert-warning']</arg>
<doc>Waits until the element ``locator`` is visible.</doc>
<status status="PASS" starttime="20210620 16:44:57.794" endtime="20210620 16:44:57.892"/>
</kw>
<kw name="Element Should Contain" library="SeleniumLibrary">
<arg>xpath=//p[@class='alert alert-warning']</arg>
<arg>${MENSAGEM}</arg>
<doc>Verifies that element ``locator`` contains text ``expected``.</doc>
<msg timestamp="20210620 16:44:57.935" level="INFO">Element 'xpath=//p[@class='alert alert-warning']' contains text 'No results were found for your search "XUXU"'.</msg>
<status status="PASS" starttime="20210620 16:44:57.892" endtime="20210620 16:44:57.935"/>
</kw>
<status status="PASS" starttime="20210620 16:44:57.793" endtime="20210620 16:44:57.936"/>
</kw>
<status status="PASS" starttime="20210620 16:44:53.406" endtime="20210620 16:44:57.936"/>
</test>
<test id="s1-s1-t3" name="Caso de Teste 03: Listar Produtos">
<kw name="Acessar a página home do site Automation Practice" library="resourceWebTesting">
<kw name="Go To" library="SeleniumLibrary">
<arg>${URL}</arg>
<doc>Navigates the current browser window to the provided ``url``.</doc>
<msg timestamp="20210620 16:44:57.943" level="INFO">Opening url 'http://automationpractice.com/index.php'</msg>
<status status="PASS" starttime="20210620 16:44:57.943" endtime="20210620 16:44:59.497"/>
</kw>
<kw name="Wait Until Element Is Visible" library="SeleniumLibrary">
<arg>xpath=//img[contains(@class,'logo img-responsive')]</arg>
<doc>Waits until the element ``locator`` is visible.</doc>
<status status="PASS" starttime="20210620 16:44:59.497" endtime="20210620 16:44:59.615"/>
</kw>
<status status="PASS" starttime="20210620 16:44:57.942" endtime="20210620 16:44:59.615"/>
</kw>
<kw name="Passar o mouse por cima da categoria &quot;Women&quot; no menu principal superior de categorias" library="resourceWebTesting" sourcename="Passar o mouse por cima da categoria &quot;${CATEGORIA}&quot; no menu principal superior de categorias">
<kw name="Mouse Over" library="SeleniumLibrary">
<arg>xpath=//a[contains(@title,'Women')]</arg>
<doc>Simulates hovering the mouse over the element ``locator``.</doc>
<msg timestamp="20210620 16:44:59.618" level="INFO">Simulating Mouse Over on element 'xpath=//a[contains(@title,'Women')]'.</msg>
<status status="PASS" starttime="20210620 16:44:59.617" endtime="20210620 16:44:59.958"/>
</kw>
<status status="PASS" starttime="20210620 16:44:59.616" endtime="20210620 16:44:59.959"/>
</kw>
<kw name="Clicar na sub categoria &quot;Summer Dresses&quot;" library="resourceWebTesting" sourcename="Clicar na sub categoria &quot;${SUBCATEGORIA}&quot;">
<kw name="Click Element" library="SeleniumLibrary">
<arg>xpath=(//a[contains(@title,'Summer Dresses')])[1]</arg>
<doc>Click the element identified by ``locator``.</doc>
<msg timestamp="20210620 16:44:59.963" level="INFO">Clicking element 'xpath=(//a[contains(@title,'Summer Dresses')])[1]'.</msg>
<status status="PASS" starttime="20210620 16:44:59.962" endtime="20210620 16:45:02.644"/>
</kw>
<status status="PASS" starttime="20210620 16:44:59.961" endtime="20210620 16:45:02.644"/>
</kw>
<kw name="Conferir se os produtos da sub-categoria &quot;Summer Dresses&quot; foram mostrados na página" library="resourceWebTesting" sourcename="Conferir se os produtos da sub-categoria &quot;${SUBCATEGORIA}&quot; foram mostrados na página">
<kw name="Wait Until Element Is Visible" library="SeleniumLibrary">
<arg>xpath=//span[@class='cat-name']</arg>
<doc>Waits until the element ``locator`` is visible.</doc>
<status status="PASS" starttime="20210620 16:45:02.649" endtime="20210620 16:45:02.746"/>
</kw>
<kw name="Element Should Contain" library="SeleniumLibrary">
<arg>xpath=//span[@class='category-name']</arg>
<arg>${SUBCATEGORIA}</arg>
<doc>Verifies that element ``locator`` contains text ``expected``.</doc>
<msg timestamp="20210620 16:45:02.819" level="INFO">Element 'xpath=//span[@class='category-name']' contains text 'Summer Dresses'.</msg>
<status status="PASS" starttime="20210620 16:45:02.747" endtime="20210620 16:45:02.819"/>
</kw>
<status status="PASS" starttime="20210620 16:45:02.647" endtime="20210620 16:45:02.820"/>
</kw>
<status status="PASS" starttime="20210620 16:44:57.940" endtime="20210620 16:45:02.821"/>
</test>
<test id="s1-s1-t4" name="Caso de Teste 04: Adicionar Cliente">
<kw name="Acessar a página home do site Automation Practice" library="resourceWebTesting">
<kw name="Go To" library="SeleniumLibrary">
<arg>${URL}</arg>
<doc>Navigates the current browser window to the provided ``url``.</doc>
<msg timestamp="20210620 16:45:02.829" level="INFO">Opening url 'http://automationpractice.com/index.php'</msg>
<status status="PASS" starttime="20210620 16:45:02.828" endtime="20210620 16:45:04.507"/>
</kw>
<kw name="Wait Until Element Is Visible" library="SeleniumLibrary">
<arg>xpath=//img[contains(@class,'logo img-responsive')]</arg>
<doc>Waits until the element ``locator`` is visible.</doc>
<status status="PASS" starttime="20210620 16:45:04.507" endtime="20210620 16:45:04.577"/>
</kw>
<status status="PASS" starttime="20210620 16:45:02.827" endtime="20210620 16:45:04.578"/>
</kw>
<kw name="Clicar em &quot;Sign in&quot;" library="resourceWebTesting" sourcename="Clicar em &quot;${CATEGORIA}&quot;">
<if>
<branch type="IF" condition="'${CATEGORIA}' == 'Sign in'">
<kw name="Click Element" library="SeleniumLibrary">
<arg>xpath=//a[@class='login'][contains(.,'${CATEGORIA}')]</arg>
<doc>Click the element identified by ``locator``.</doc>
<msg timestamp="20210620 16:45:04.582" level="INFO">Clicking element 'xpath=//a[@class='login'][contains(.,'Sign in')]'.</msg>
<status status="PASS" starttime="20210620 16:45:04.581" endtime="20210620 16:45:06.981"/>
</kw>
<status status="PASS" starttime="20210620 16:45:04.581" endtime="20210620 16:45:06.981"/>
</branch>
<branch type="ELSE">
<kw name="Click Element" library="SeleniumLibrary">
<arg>xpath=//span[contains(.,'${CATEGORIA}')]</arg>
<doc>Click the element identified by ``locator``.</doc>
<status status="NOT RUN" starttime="20210620 16:45:06.982" endtime="20210620 16:45:06.982"/>
</kw>
<status status="NOT RUN" starttime="20210620 16:45:06.982" endtime="20210620 16:45:06.982"/>
</branch>
<status status="PASS" starttime="20210620 16:45:04.580" endtime="20210620 16:45:06.982"/>
</if>
<status status="PASS" starttime="20210620 16:45:04.579" endtime="20210620 16:45:06.983"/>
</kw>
<kw name="Informar um e-mail válido" library="resourceWebTesting">
<kw name="Input Text" library="SeleniumLibrary">
<arg>id=email_create</arg>
<arg>greinregina@gmail.com</arg>
<doc>Types the given ``text`` into the text field identified by ``locator``.</doc>
<msg timestamp="20210620 16:45:06.987" level="INFO">Typing text 'greinregina@gmail.com' into text field 'id=email_create'.</msg>
<status status="PASS" starttime="20210620 16:45:06.986" endtime="20210620 16:45:07.301"/>
</kw>
<status status="PASS" starttime="20210620 16:45:06.985" endtime="20210620 16:45:07.302"/>
</kw>
<kw name="Clicar em &quot;Create an account&quot;" library="resourceWebTesting" sourcename="Clicar em &quot;${CATEGORIA}&quot;">
<if>
<branch type="IF" condition="'${CATEGORIA}' == 'Sign in'">
<kw name="Click Element" library="SeleniumLibrary">
<arg>xpath=//a[@class='login'][contains(.,'${CATEGORIA}')]</arg>
<doc>Click the element identified by ``locator``.</doc>
<status status="NOT RUN" starttime="20210620 16:45:07.305" endtime="20210620 16:45:07.305"/>
</kw>
<status status="NOT RUN" starttime="20210620 16:45:07.304" endtime="20210620 16:45:07.305"/>
</branch>
<branch type="ELSE">
<kw name="Click Element" library="SeleniumLibrary">
<arg>xpath=//span[contains(.,'${CATEGORIA}')]</arg>
<doc>Click the element identified by ``locator``.</doc>
<msg timestamp="20210620 16:45:07.307" level="INFO">Clicking element 'xpath=//span[contains(.,'Create an account')]'.</msg>
<status status="PASS" starttime="20210620 16:45:07.305" endtime="20210620 16:45:07.488"/>
</kw>
<status status="PASS" starttime="20210620 16:45:07.305" endtime="20210620 16:45:07.489"/>
</branch>
<status status="PASS" starttime="20210620 16:45:07.304" endtime="20210620 16:45:07.489"/>
</if>
<status status="PASS" starttime="20210620 16:45:07.303" endtime="20210620 16:45:07.489"/>
</kw>
<kw name="Preencher os dados obrigatórios" library="resourceWebTesting">
<kw name="Sleep" library="BuiltIn">
<arg>10s</arg>
<doc>Pauses the test executed for the given time.</doc>
<msg timestamp="20210620 16:45:17.498" level="INFO">Slept 10 seconds</msg>
<status status="PASS" starttime="20210620 16:45:07.491" endtime="20210620 16:45:17.498"/>
</kw>
<kw name="Mouse Over" library="SeleniumLibrary">
<arg>id=id_gender1</arg>
<doc>Simulates hovering the mouse over the element ``locator``.</doc>
<msg timestamp="20210620 16:45:17.499" level="INFO">Simulating Mouse Over on element 'id=id_gender1'.</msg>
<kw name="Capture Page Screenshot" library="SeleniumLibrary">
<doc>Takes a screenshot of the current page and embeds it into a log file.</doc>
<msg timestamp="20210620 16:45:17.651" level="INFO" html="true">&lt;/td&gt;&lt;/tr&gt;&lt;tr&gt;&lt;td colspan="3"&gt;&lt;a href="selenium-screenshot-4.png"&gt;&lt;img src="selenium-screenshot-4.png" width="800px"&gt;&lt;/a&gt;</msg>
<status status="PASS" starttime="20210620 16:45:17.525" endtime="20210620 16:45:17.652"/>
</kw>
<msg timestamp="20210620 16:45:17.657" level="FAIL">Element with locator 'id=id_gender1' not found.</msg>
<status status="FAIL" starttime="20210620 16:45:17.498" endtime="20210620 16:45:17.657"/>
</kw>
<kw name="Click Element" library="SeleniumLibrary">
<arg>id=id_gender1</arg>
<doc>Click the element identified by ``locator``.</doc>
<status status="NOT RUN" starttime="20210620 16:45:17.657" endtime="20210620 16:45:17.657"/>
</kw>
<kw name="Input Text" library="SeleniumLibrary">
<arg>id=customer_firstname</arg>
<arg>Regina</arg>
<doc>Types the given ``text`` into the text field identified by ``locator``.</doc>
<status status="NOT RUN" starttime="20210620 16:45:17.657" endtime="20210620 16:45:17.658"/>
</kw>
<kw name="Input Text" library="SeleniumLibrary">
<arg>id=customer_lastname</arg>
<arg>Grein</arg>
<doc>Types the given ``text`` into the text field identified by ``locator``.</doc>
<status status="NOT RUN" starttime="20210620 16:45:17.658" endtime="20210620 16:45:17.658"/>
</kw>
<kw name="Input Text" library="SeleniumLibrary">
<arg>id=email</arg>
<arg>greinregina@gmail.com</arg>
<doc>Types the given ``text`` into the text field identified by ``locator``.</doc>
<status status="NOT RUN" starttime="20210620 16:45:17.658" endtime="20210620 16:45:17.658"/>
</kw>
<kw name="Input Text" library="SeleniumLibrary">
<arg>id=passwd</arg>
<arg>147258</arg>
<doc>Types the given ``text`` into the text field identified by ``locator``.</doc>
<status status="NOT RUN" starttime="20210620 16:45:17.658" endtime="20210620 16:45:17.658"/>
</kw>
<kw name="Input Text" library="SeleniumLibrary">
<arg>id=passwd</arg>
<arg>147258</arg>
<doc>Types the given ``text`` into the text field identified by ``locator``.</doc>
<status status="NOT RUN" starttime="20210620 16:45:17.659" endtime="20210620 16:45:17.659"/>
</kw>
<kw name="Select From List By Index" library="SeleniumLibrary">
<arg>id=days</arg>
<arg>11</arg>
<doc>Selects options from selection list ``locator`` by ``indexes``.</doc>
<status status="NOT RUN" starttime="20210620 16:45:17.659" endtime="20210620 16:45:17.659"/>
</kw>
<kw name="Select From List By Index" library="SeleniumLibrary">
<arg>id=months</arg>
<arg>6</arg>
<doc>Selects options from selection list ``locator`` by ``indexes``.</doc>
<status status="NOT RUN" starttime="20210620 16:45:17.659" endtime="20210620 16:45:17.659"/>
</kw>
<kw name="Select From List By Value" library="SeleniumLibrary">
<arg>id=years</arg>
<arg>${1981}</arg>
<doc>Selects options from selection list ``locator`` by ``values``.</doc>
<status status="NOT RUN" starttime="20210620 16:45:17.659" endtime="20210620 16:45:17.660"/>
</kw>
<kw name="Input Text" library="SeleniumLibrary">
<arg>id=firstname</arg>
<arg>Regina</arg>
<doc>Types the given ``text`` into the text field identified by ``locator``.</doc>
<status status="NOT RUN" starttime="20210620 16:45:17.660" endtime="20210620 16:45:17.660"/>
</kw>
<kw name="Input Text" library="SeleniumLibrary">
<arg>id=lastname</arg>
<arg>Grein</arg>
<doc>Types the given ``text`` into the text field identified by ``locator``.</doc>
<status status="NOT RUN" starttime="20210620 16:45:17.660" endtime="20210620 16:45:17.660"/>
</kw>
<kw name="Input Text" library="SeleniumLibrary">
<arg>id=address1</arg>
<arg>Rua Rafael Percicotti</arg>
<doc>Types the given ``text`` into the text field identified by ``locator``.</doc>
<status status="NOT RUN" starttime="20210620 16:45:17.660" endtime="20210620 16:45:17.660"/>
</kw>
<kw name="Input Text" library="SeleniumLibrary">
<arg>id=city</arg>
<arg>Pinhais</arg>
<doc>Types the given ``text`` into the text field identified by ``locator``.</doc>
<status status="NOT RUN" starttime="20210620 16:45:17.661" endtime="20210620 16:45:17.661"/>
</kw>
<kw name="Select From List By Value" library="SeleniumLibrary">
<arg>name=id_state</arg>
<arg>2</arg>
<doc>Selects options from selection list ``locator`` by ``values``.</doc>
<status status="NOT RUN" starttime="20210620 16:45:17.661" endtime="20210620 16:45:17.661"/>
</kw>
<kw name="Input Text" library="SeleniumLibrary">
<arg>id=postcode</arg>
<arg>text=99999</arg>
<doc>Types the given ``text`` into the text field identified by ``locator``.</doc>
<status status="NOT RUN" starttime="20210620 16:45:17.661" endtime="20210620 16:45:17.661"/>
</kw>
<kw name="Select From List By Value" library="SeleniumLibrary">
<arg>name=id_country</arg>
<arg>21</arg>
<doc>Selects options from selection list ``locator`` by ``values``.</doc>
<status status="NOT RUN" starttime="20210620 16:45:17.661" endtime="20210620 16:45:17.661"/>
</kw>
<kw name="Input Text" library="SeleniumLibrary">
<arg>id=phone</arg>
<arg>41 33333333</arg>
<doc>Types the given ``text`` into the text field identified by ``locator``.</doc>
<status status="NOT RUN" starttime="20210620 16:45:17.662" endtime="20210620 16:45:17.662"/>
</kw>
<kw name="Input Text" library="SeleniumLibrary">
<arg>id=phone_mobile</arg>
<arg>41 99998888</arg>
<doc>Types the given ``text`` into the text field identified by ``locator``.</doc>
<status status="NOT RUN" starttime="20210620 16:45:17.662" endtime="20210620 16:45:17.662"/>
</kw>
<kw name="Input Text" library="SeleniumLibrary">
<arg>id=alias</arg>
<arg>Regina Grein</arg>
<doc>Types the given ``text`` into the text field identified by ``locator``.</doc>
<status status="NOT RUN" starttime="20210620 16:45:17.662" endtime="20210620 16:45:17.663"/>
</kw>
<status status="FAIL" starttime="20210620 16:45:07.490" endtime="20210620 16:45:17.663"/>
</kw>
<kw name="Submeter cadastro" library="resourceWebTesting">
<status status="NOT RUN" starttime="20210620 16:45:17.664" endtime="20210620 16:45:17.664"/>
</kw>
<kw name="Conferir se o cadastro foi efetuado com sucesso" library="resourceWebTesting">
<status status="NOT RUN" starttime="20210620 16:45:17.665" endtime="20210620 16:45:17.665"/>
</kw>
<status status="FAIL" starttime="20210620 16:45:02.824" endtime="20210620 16:45:17.666">Element with locator 'id=id_gender1' not found.</status>
</test>
<doc>Suíte de Testes WEB - Site: http://automationpractice.com</doc>
<status status="FAIL" starttime="20210620 16:44:37.263" endtime="20210620 16:45:17.670"/>
</suite>
<status status="FAIL" starttime="20210620 16:44:37.207" endtime="20210620 16:45:17.678"/>
</suite>
<statistics>
<total>
<stat pass="3" fail="1" skip="0">All Tests</stat>
</total>
<tag>
</tag>
<suite>
<stat pass="3" fail="1" skip="0" id="s1" name="Web Testing">Web Testing</stat>
<stat pass="3" fail="1" skip="0" id="s1-s1" name="suiteWebTesting">Web Testing.suiteWebTesting</stat>
</suite>
</statistics>
<errors>
</errors>
</robot>
